2024-08-20 15:46:12,070 - supply_catcher.api.warehouses - INFO - Склады успешно получены.
2024-08-20 15:46:12,074 - root - INFO - Полученные данные о складах: [{'ID': 218987, 'name': 'Алматы Атакент', 'address': 'г.Алматы, ул. Тимирязева 42 павильон 7а', 'workTime': '24/7', 'acceptsQR': True}, {'ID': 204939, 'name': 'Астана', 'address': 'Астана (Нур-Султан), Шоссе Алаш, 69/1', 'workTime': '24/7', 'acceptsQR': False}, {'ID': 324108, 'name': 'Астана 2', 'address': 'Караганда, 91/2', 'workTime': '24/7', 'acceptsQR': False}, {'ID': 206236, 'name': 'Белые Столбы', 'address': 'Московская область, Домодедово, микрорайон Белые Столбы, владение Склады 104, с 4/1 ', 'workTime': '24/7', 'acceptsQR': True}, {'ID': 301983, 'name': 'Волгоград', 'address': 'Дзержинский район, городской округ Волгоград', 'workTime': '24/7', 'acceptsQR': False}, {'ID': 317470, 'name': 'Голицыно СГТ', 'address': 'Минское шоссе, 43-й километр, вл1к3', 'workTime': '24/7', 'acceptsQR': False}, {'ID': 300461, 'name': 'Гомель 2', 'address': 'Гомель, Могилёвская 1А', 'workTime': '24/7', 'acceptsQR': False}, {'ID': 208941, 'name': 'Домодедово', 'address': 'Объездное шоссе, с03', 'workTime': '24/7', 'acceptsQR': False}, {'ID': 1733, 'name': 'Екатеринбург - Испытателей 14г', 'address': 'ул. Испытателей, 14Г', 'workTime': '24/7', 'acceptsQR': True}, {'ID': 300571, 'name': 'Екатеринбург - Перспективный 12/2', 'address': 'Екатеринбург, Перспективная улица 12/2', 'workTime': '24/7', 'acceptsQR': False}, {'ID': 117986, 'name': 'Казань', 'address': 'Республика Татарстан, Зеленодольск, промышленный парк Зеленодольск, 20', 'workTime': '24/7', 'acceptsQR': False}, {'ID': 206844, 'name': 'Калининград', 'address': 'г. Калининград, ул. Камская д. 62 ', 'workTime': '24/7', 'acceptsQR': False}, {'ID': 303295, 'name': 'Клин', 'address': 'Волоколамское шоссе, 4', 'workTime': '24/7', 'acceptsQR': False}, {'ID': 507, 'name': 'Коледино', 'address': 'дер. Коледино, ул. Троицкая, 20', 'workTime': '24/7', 'acceptsQR': True}, {'ID': 301809, 'name': 'Котовск', 'address': 'Тамбовская область, муниципальное образование город Котовск, район индустриальный парк Котовск, 3/8', 'workTime': '24/7', 'acceptsQR': False}, {'ID': 130744, 'name': 'Краснодар (Тихорецкая)', 'address': 'ул. Тихорецкая, 40с1', 'workTime': '24/7', 'acceptsQR': True}, {'ID': 6145, 'name': 'Красноярск', 'address': 'ул. Полигонная, 8Д', 'workTime': '24/7', 'acceptsQR': False}, {'ID': 211622, 'name': 'Минск', 'address': 'Беларусь, Минская обл., Минский р-н, Щомыслицкий с/с, 118/2', 'workTime': '24/7', 'acceptsQR': False}, {'ID': 208277, 'name': 'Невинномысск', 'address': 'ул. Тимирязева 16', 'workTime': '24/7', 'acceptsQR': True}, {'ID': 301805, 'name': 'Новосемейкино', 'address': 'Индустриальный парк Новосемейкино, городское поселение Новосемейкино, Красноярский район, Самарская область', 'workTime': '24/7', 'acceptsQR': False}, {'ID': 686, 'name': 'Новосибирск', 'address': 'ул. Петухова, 71', 'workTime': '24/7', 'acceptsQR': False}, {'ID': 218210, 'name': 'Обухово', 'address': 'Московская область, Богородский городской округ, рабочий поселок Обухово, территория Атлант-Парк, дом 35', 'workTime': '24/7', 'acceptsQR': False}, {'ID': 312617, 'name': 'Обухово СГТ', 'address': 'Московская область, Богородский городской округ, рабочий поселок Обухово, территория Атлант-Парк, дом 36', 'workTime': '24/7', 'acceptsQR': False}, {'ID': 106476, 'name': 'Оренбург', 'address': 'ул. Беляевская, 4А', 'workTime': '24/7', 'acceptsQR': False}, {'ID': 117501, 'name': 'Подольск', 'address': 'ул. Поливановская, 9с5', 'workTime': '24/7', 'acceptsQR': True}, {'ID': 218623, 'name': 'Подольск 3', 'address': 'Московская область, Подольск, Поливановская улица, 9с3', 'workTime': '24/7', 'acceptsQR': False}, {'ID': 301229, 'name': 'Подольск 4', 'address': 'Домодедовское шоссе 22', 'workTime': '24/7', 'acceptsQR': False}, {'ID': 300169, 'name': 'Радумля СГТ', 'address': 'деревня Радумля, с4А\t', 'workTime': '24/7', 'acceptsQR': False}, {'ID': 301760, 'name': 'Рязань (Тюшевское)', 'address': 'Индустриальный промышленный парк Рязанский, Тюшевское сельское поселение, Рязанский район', 'workTime': '24/7', 'acceptsQR': False}, {'ID': 206298, 'name': 'СЦ Абакан', 'address': 'ул. Игарская, д. 21г', 'workTime': '24/7', 'acceptsQR': True}, {'ID': 300862, 'name': 'СЦ Абакан 2', 'address': 'РФ, Республика Хакасия, г. Абакан, ул. Складская 11 стр.', 'workTime': '24/7', 'acceptsQR': True}, {'ID': 316879, 'name': 'СЦ Актобе', 'address': 'г. Актобе, район Астана, Промзона 679/12', 'workTime': '24/7', 'acceptsQR': False}, {'ID': 214951, 'name': 'СЦ Артем', 'address': 'Приморский край, г. Артем, ул. Солнечная, д.46', 'workTime': '24/7', 'acceptsQR': True}, {'ID': 209207, 'name': 'СЦ Архангельск', 'address': 'Архангельск, Приморский район, Талажское шоссе, д.22, стр.3.', 'workTime': '24/7', 'acceptsQR': False}, {'ID': 302769, 'name': 'СЦ Архангельск (ул Ленина)', 'address': 'Архангельск, улица Ленина, 29', 'workTime': '24/7', 'acceptsQR': True}, {'ID': 169872, 'name': 'СЦ Астрахань', 'address': 'улица Рождественского, 17', 'workTime': '24/7', 'acceptsQR': True}, {'ID': 302988, 'name': 'СЦ Астрахань (Солянка)', 'address': 'Николаевское шоссе, 2В, пос. пригородный', 'workTime': '24/7', 'acceptsQR': True}, {'ID': 215020, 'name': 'СЦ Байсерке', 'address': 'Алм. Обл с Байсерке Султана Бейбарса 1', 'workTime': '24/7', 'acceptsQR': False}, {'ID': 302737, 'name': 'СЦ Барнаул', 'address': 'Барнаул, улица Попова, 179Б', 'workTime': '24/7', 'acceptsQR': True}, {'ID': 172430, 'name': 'СЦ Барнаул old', 'address': 'Проспект Ленина, 154', 'workTime': '24/7', 'acceptsQR': True}, {'ID': 210557, 'name': 'СЦ Белогорск', 'address': 'Амурская область, г. Белогорск, ул. Кирова, 306', 'workTime': '24/7', 'acceptsQR': True}, {'ID': 216476, 'name': 'СЦ Бишкек', 'address': 'Абаканская улица, 121 Ленинский район', 'workTime': '24/7', 'acceptsQR': False}, {'ID': 300363, 'name': 'СЦ Брест', 'address': 'Брестская область, Брест, Дубровская улица, 36В', 'workTime': '24/7', 'acceptsQR': False}, {'ID': 172940, 'name': 'СЦ Брянск', 'address': 'ул. 22 Съезда КПСС, 136', 'workTime': '24/7', 'acceptsQR': True}, {'ID': 302856, 'name': 'СЦ Видное', 'address': 'д. Ближние Прудищи 2/1', 'workTime': '24/7', 'acceptsQR': False}, {'ID': 158751, 'name': 'СЦ Владикавказ', 'address': 'Северная Осетия-Алания, с. Михайловское, Бесланское шоссе', 'workTime': '24/7', 'acceptsQR': True}, {'ID': 144649, 'name': 'СЦ Владимир', 'address': 'ул. Мещерская, 7а', 'workTime': '24/7', 'acceptsQR': False}, {'ID': 210127, 'name': 'СЦ Внуково', 'address': 'Поселение Марушкинское, квартал № 8', 'workTime': '24/7', 'acceptsQR': True}, {'ID': 301516, 'name': 'СЦ Волгоград 2', 'address': 'Волгоград , улица Пржевальского, 20', 'workTime': '24/7', 'acceptsQR': False}, {'ID': 6144, 'name': 'СЦ Волгоград old', 'address': 'ул. Авторемонтная, 11В', 'workTime': '24/7', 'acceptsQR': True}, {'ID': 203631, 'name': 'СЦ Вологда', 'address': 'ул. Мудрова, 30', 'workTime': '24/7', 'acceptsQR': True}, {'ID': 300219, 'name': 'СЦ Вологда 2', 'address': 'Вологда, Окружное шоссе 13', 'workTime': '24/7', 'acceptsQR': True}, {'ID': 211415, 'name': 'СЦ Воронеж', 'address': 'Айдаровское сельское поселение, территория Промышленная, ул. 1-я Промышленная зона, 9', 'workTime': '24/7', 'acceptsQR': True}, {'ID': 210515, 'name': 'СЦ Вёшки', 'address': 'Липкинское шоссе, 2-й километр, вл1с1, посёлок Вёшки, городской округ Мытищи, Московская область', 'workTime': '24/7', 'acceptsQR': True}, {'ID': 211644, 'name': 'СЦ Екатеринбург 2 (Альпинистов)', 'address': 'Свердловская обл., ул. Альпинистов, 85', 'workTime': '24/7', 'acceptsQR': True}, {'ID': 218402, 'name': 'СЦ Иваново', 'address': 'Ивановская область, ул. Окружная д. 16', 'workTime': '24/7', 'acceptsQR': False}, {'ID': 203632, 'name': 'СЦ Иваново (до 03.05.23)', 'address': 'Кохомское шоссе, 1Д', 'workTime': '24/7', 'acceptsQR': True}, {'ID': 218628, 'name': 'СЦ Ижевск', 'address': 'г. Ижевск, Воткинское ш., 302', 'workTime': '24/7', 'acceptsQR': True}, {'ID': 158140, 'name': 'СЦ Ижевск (до 29.05)', 'address': 'ул. Пойма, 79Е', 'workTime': '24/7', 'acceptsQR': True}, {'ID': 131643, 'name': 'СЦ Иркутск', 'address': 'ул. Трактовая, 18/38а', 'workTime': '24/7', 'acceptsQR': True}, {'ID': 117442, 'name': 'СЦ Калуга', 'address': '2-й Академический проезд, 12', 'workTime': '24/7', 'acceptsQR': True}, {'ID': 213849, 'name': 'СЦ Кемерово', 'address': 'Кемерово, ул. Тухачевского, 58', 'workTime': '24/7', 'acceptsQR': True}, {'ID': 303219, 'name': 'СЦ Киров', 'address': 'Киров ул. Павла Корчагина, 227А', 'workTime': '24/7', 'acceptsQR': True}, {'ID': 205205, 'name': 'СЦ Киров (old)', 'address': 'улица Щорса, д. 70А/1', 'workTime': '24/7', 'acceptsQR': False}, {'ID': 154371, 'name': 'СЦ Комсомольская', 'address': 'Комсомольская площадь, д. 1А, стр1', 'workTime': '24/7', 'acceptsQR': True}, {'ID': 6159, 'name': 'СЦ Красногорск', 'address': 'Коммунальная зона Красногорск-Митино, с5', 'workTime': '24/7', 'acceptsQR': False}, {'ID': 205985, 'name': 'СЦ Крыловская', 'address': 'Россия, станица Крыловская, Краснодарский край, ул. Орджоникидзе д.161', 'workTime': '24/7', 'acceptsQR': True}, {'ID': 302335, 'name': 'СЦ Кузнецк', 'address': 'РФ, Пензенская область, город Кузнецк, улица Победы, 53', 'workTime': '24/7', 'acceptsQR': True}, {'ID': 140302, 'name': 'СЦ Курск', 'address': 'ул. 50 лет Октября, 179', 'workTime': '24/7', 'acceptsQR': False}, {'ID': 156814, 'name': 'СЦ Курьяновская', 'address': 'Курьяновская набережная, 1, сектор А', 'workTime': '24/7', 'acceptsQR': False}, {'ID': 160030, 'name': 'СЦ Липецк', 'address': 'д. Кулешовка, ул. Орловская, 25А', 'workTime': '24/7', 'acceptsQR': False}, {'ID': 117289, 'name': 'СЦ Лобня', 'address': 'Лобня, ул. Индустриальная, 1', 'workTime': '24/7', 'acceptsQR': False}, {'ID': 313214, 'name': 'СЦ Магнитогорск', 'address': 'Челябинская область, район Агаповский, железнодорожная станция Буранная, ул. Труда, д. 57, помещение 2', 'workTime': '24/7', 'acceptsQR': False}, {'ID': 209211, 'name': 'СЦ Махачкала', 'address': '2-й проезд Казбекова, 16', 'workTime': '24/7', 'acceptsQR': False}, {'ID': 117393, 'name': 'СЦ Минск', 'address': 'Республика Беларусь, г. Минск, 5й километр МКАД, 21', 'workTime': '24/7', 'acceptsQR': False}, {'ID': 121700, 'name': 'СЦ Минск 2', 'address': 'МКАД, 5-й километр, 21', 'workTime': '24/7', 'acceptsQR': False}, {'ID': 205349, 'name': 'СЦ Мурманск', 'address': 'ул. Промышленная, 19', 'workTime': '24/7', 'acceptsQR': True}, {'ID': 204952, 'name': 'СЦ Набережные Челны', 'address': 'Республика Татарстан, Набережные Челны, Моторная улица, 16', 'workTime': '24/7', 'acceptsQR': False}, {'ID': 118535, 'name': 'СЦ Нижний Новгород', 'address': 'Посёлок Кудьма, логистический комплекс Южный, ул. Индустриальная, 10', 'workTime': '24/7', 'acceptsQR': False}, {'ID': 211470, 'name': 'СЦ Нижний Тагил', 'address': 'Свердловская область, г. Нижний Тагил, ул. Индустриальная, д. 30/1', 'workTime': '24/7', 'acceptsQR': True}, {'ID': 141637, 'name': 'СЦ Новокосино', 'address': 'г. Москва, район Новокосино, ул. Салтыковская, 26с2', 'workTime': '24/7', 'acceptsQR': False}, {'ID': 206708, 'name': 'СЦ Новокузнецк', 'address': 'г. Новокузнецк, Центральный район, просп. Курако, д. 51а, корпус 23 ', 'workTime': '24/7', 'acceptsQR': True}, {'ID': 161520, 'name': 'СЦ Новосибирск Пасечная', 'address': 'Новосибирская область,  Новосибирский район, п. Садовый, ул. Пасечная, дом 11/1, корпус 2 ', 'workTime': '24/7', 'acceptsQR': True}, {'ID': 303221, 'name': 'СЦ Ноябрьск', 'address': 'г. Ноябрьск,  3й проезд, панель 9в/2', 'workTime': '24/7', 'acceptsQR': False}, {'ID': 312807, 'name': 'СЦ Обухово 2', 'address': 'Московская область, Богородский городской округ, рабочий поселок Обухово, территория Атлант-Парк, дом 36', 'workTime': '24/7', 'acceptsQR': False}, {'ID': 168458, 'name': 'СЦ Омск', 'address': 'г. Омск, ул. Раздольная, д 1к3', 'workTime': '24/7', 'acceptsQR': True}, {'ID': 206319, 'name': 'СЦ Оренбург', 'address': 'Оренбургская область, г. Оренбург, ул. Беляевская, д. 4А.', 'workTime': '24/7', 'acceptsQR': True}, {'ID': 315199, 'name': 'СЦ Оренбург Центральная', 'address': 'Оренбург, Центральная улица, 29', 'workTime': '24/7', 'acceptsQR': True}, {'ID': 218732, 'name': 'СЦ Ош', 'address': 'Киргизия, г. Ош, улица Артыкова, д.83', 'workTime': '24/7', 'acceptsQR': False}, {'ID': 216566, 'name': 'СЦ Пермь 2', 'address': 'Пермский край, город Пермь, Промышленная 123а', 'workTime': '24/7', 'acceptsQR': True}, {'ID': 208647, 'name': 'СЦ Печатники', 'address': 'г. Москва, ул. Шоссейная 4д', 'workTime': '24/7', 'acceptsQR': True}, {'ID': 124716, 'name': 'СЦ Подрезково', 'address': 'Микрорайон Подрезково, квартал Кирилловка, вл3Дс1', 'workTime': '24/7', 'acceptsQR': False}, {'ID': 209209, 'name': 'СЦ Псков', 'address': 'ул. Индустриальная, д. 9/1', 'workTime': '24/7', 'acceptsQR': True}, {'ID': 207743, 'name': 'СЦ Пушкино', 'address': 'М-8 Холмогоры, 33-й километр, 16В, 4 корпус ', 'workTime': '24/7', 'acceptsQR': True}, {'ID': 158311, 'name': 'СЦ Пятигорск', 'address': ' Георгиевское шоссе, 1-й километр, 2, Предгорный муниципальный округ, Ставропольский край', 'workTime': '24/7', 'acceptsQR': True}, {'ID': 301920, 'name': 'СЦ Пятигорск (Этока)', 'address': 'г Пятигорск район Этока Георгиевское шоссе 4 км. 1', 'workTime': '24/7', 'acceptsQR': True}, {'ID': 300168, 'name': 'СЦ Радумля', 'address': 'Деревня Радумля, с4А', 'workTime': '24/7', 'acceptsQR': False}, {'ID': 218616, 'name': 'СЦ Ростов-на-Дону', 'address': 'улица Гайдара, 8 корпус 2, хутор Нижнетемерницкий, Щепкинское сельское поселение, Аксайский район, Ростовская область', 'workTime': '24/7', 'acceptsQR': False}, {'ID': 118019, 'name': 'СЦ Ростов-на-Дону old-1', 'address': 'Ростовская область, п. Нижнетемерницкий, ул. Гайдара, 4к3', 'workTime': '24/7', 'acceptsQR': False}, {'ID': 133533, 'name': 'СЦ Ростов-на-Дону old-2', 'address': 'Ростовская обл. хутор Нижнетемерницкий ул. Гайдара 4к3', 'workTime': '24/7', 'acceptsQR': True}, {'ID': 6156, 'name': 'СЦ Рязань', 'address': 'ул. Новоселковская, 17', 'workTime': '24/7', 'acceptsQR': True}, {'ID': 117230, 'name': 'СЦ Самара', 'address': 'Самарская область, Волжский район, село Преображенка, ул. Индустриальная, 1Б', 'workTime': '24/7', 'acceptsQR': False}, {'ID': 158929, 'name': 'СЦ Саратов', 'address': 'Саратовская обл, г Саратов, ст Трофимовский-2', 'workTime': '24/7', 'acceptsQR': False}, {'ID': 303189, 'name': 'СЦ Семей', 'address': 'РК, г. Семей, трасса Семей-Алматы 7/1', 'workTime': '24/7', 'acceptsQR': False}, {'ID': 169537, 'name': 'СЦ Серов', 'address': 'ул. Новоуральская, 2А', 'workTime': '24/7', 'acceptsQR': True}, {'ID': 144154, 'name': 'СЦ Симферополь', 'address': 'Московское шоссе, 12 км', 'workTime': '24/7', 'acceptsQR': False}, {'ID': 210937, 'name': 'СЦ Симферополь 2', 'address': 'Республика Крым, г. Симферополь, Московское шоссе, 9 км', 'workTime': '24/7', 'acceptsQR': True}, {'ID': 207803, 'name': 'СЦ Смоленск 2', 'address': 'ул. Индустриальная, 9А1', 'workTime': '24/7', 'acceptsQR': False}, {'ID': 300987, 'name': 'СЦ Смоленск 3', 'address': 'Смоленск, Улица Лавочкина, 107', 'workTime': '24/7', 'acceptsQR': True}, {'ID': 209596, 'name': 'СЦ Солнцево', 'address': 'Производственная улица, 11с1', 'workTime': '24/7', 'acceptsQR': False}, {'ID': 161003, 'name': 'СЦ Сургут', 'address': 'ул. Сосновая, 29/12', 'workTime': '24/7', 'acceptsQR': True}, {'ID': 209208, 'name': 'СЦ Сыктывкар', 'address': 'Республика Коми, г.Сыктывкар ул. 1-ая Промышленная д.19', 'workTime': '24/7', 'acceptsQR': True}, {'ID': 117866, 'name': 'СЦ Тамбов', 'address': 'ул. Волжская, 71Б', 'workTime': '24/7', 'acceptsQR': True}, {'ID': 218636, 'name': 'СЦ Ташкент', 'address': 'Узбекистан, Ташкентская область, Кибрайский район, пос. Салар, ул. Карамуртская, д. 37', 'workTime': '24/7', 'acceptsQR': False}, {'ID': 117456, 'name': 'СЦ Тверь', 'address': 'ул. Волоколамское шоссе, 51Б', 'workTime': '24/7', 'acceptsQR': False}, {'ID': 204615, 'name': 'СЦ Томск', 'address': 'ул. Мичурина, 47с14 ', 'workTime': '24/7', 'acceptsQR': True}, {'ID': 117819, 'name': 'СЦ Тюмень', 'address': 'ул.Харьковская, 77с1', 'workTime': '24/7', 'acceptsQR': True}, {'ID': 205104, 'name': 'СЦ Ульяновск', 'address': '14 проезд Инженерный, 9в', 'workTime': '24/7', 'acceptsQR': True}, {'ID': 300711, 'name': 'СЦ Уральск', 'address': 'РК, г. Уральск, Район ТЭЦ 10/3', 'workTime': '24/7', 'acceptsQR': False}, {'ID': 149445, 'name': 'СЦ Уфа', 'address': 'Мокроусовская улица, 8Г', 'workTime': '24/7', 'acceptsQR': True}, {'ID': 218644, 'name': 'СЦ Хабаровск', 'address': 'Хабаровский край, г.Хабаровск, ул. Зеленая д.3А', 'workTime': '24/7', 'acceptsQR': True}, {'ID': 203799, 'name': 'СЦ Чебоксары', 'address': 'Проезд Машиностроителей, 1/2', 'workTime': '24/7', 'acceptsQR': False}, {'ID': 218916, 'name': 'СЦ Чебоксары 2', 'address': 'г. Чебоксары, проезд Лапсарский, д. 55, строение 1', 'workTime': '24/7', 'acceptsQR': False}, {'ID': 132508, 'name': 'СЦ Челябинск', 'address': 'ул. 2-я Шагольская, 29/1', 'workTime': '24/7', 'acceptsQR': True}, {'ID': 218225, 'name': 'СЦ Челябинск 2', 'address': 'г. Челябинск пр-кт Ленина д. 3', 'workTime': '24/7', 'acceptsQR': True}, {'ID': 311895, 'name': 'СЦ Череповец', 'address': 'Кирилловское шоссе, 82', 'workTime': '24/7', 'acceptsQR': True}, {'ID': 218674, 'name': 'СЦ Чита 2', 'address': 'Забайкальский край, г. Чита, ул. Казачья 29', 'workTime': '24/7', 'acceptsQR': True}, {'ID': 207022, 'name': 'СЦ Чёрная Грязь', 'address': 'д. Черная Грязь, ул. Промышленная, с.2', 'workTime': '24/7', 'acceptsQR': False}, {'ID': 312259, 'name': 'СЦ Шушары', 'address': 'Шушары, Московское шоссе, 143', 'workTime': '24/7', 'acceptsQR': False}, {'ID': 218698, 'name': 'СЦ Шымкент', 'address': 'г. Шымкент микрорайон Самал 3 улица А Шеримкулова 5', 'workTime': '24/7', 'acceptsQR': False}, {'ID': 158328, 'name': 'СЦ Южные Ворота', 'address': 'МКАД, 19-й километр, вл20с1', 'workTime': '24/7', 'acceptsQR': False}, {'ID': 207404, 'name': 'СЦ Ярославль', 'address': 'ул. Промышленная, 22', 'workTime': '24/7', 'acceptsQR': True}, {'ID': 2737, 'name': 'Санкт-Петербург (Уткина Заводь)', 'address': 'Всеволожский р-н, г.п. Свердловское, дер. Новосаратовка, участок № 1 (промзона Уткина Заводь, комплекс МЛП, корпус 4, парадная 4)', 'workTime': '24/7', 'acceptsQR': True}, {'ID': 159402, 'name': 'Санкт-Петербург (Шушары)', 'address': 'поселок Шушары, Московское шоссе, 153', 'workTime': '24/7', 'acceptsQR': True}, {'ID': 1680, 'name': 'Саратов Депутатская РЦ', 'address': 'Саратовская обл., г. Саратов, ст Трофимовский-2', 'workTime': '24/7', 'acceptsQR': False}, {'ID': 122259, 'name': 'Склад поставщика КБТ 96 ч', 'address': 'Поселение Марушкинское, квартал № 8   ', 'workTime': '24/7', 'acceptsQR': False}, {'ID': 217081, 'name': 'Сц Брянск 2', 'address': 'Брянская обл, г. Брянск, ул. Сталелитейная, дом 1', 'workTime': '24/7', 'acceptsQR': False}, {'ID': 302445, 'name': 'Сынково', 'address': 'Московская область, городской округ Подольск, село Сынково, 85', 'workTime': '24/7', 'acceptsQR': False}, {'ID': 206348, 'name': 'Тула', 'address': 'Тульская область, муниципальное образование Алексин, 1', 'workTime': '24/7', 'acceptsQR': True}, {'ID': 303024, 'name': 'Улан-Удэ, Ботаническая ', 'address': 'улица Ботаническая, д 35в', 'workTime': '24/7', 'acceptsQR': False}, {'ID': 302222, 'name': 'Уфа, Зубово', 'address': 'Республика Башкортостан, Уфимский район, Электрозаводская улица, Зубовский сельсовет, село Зубово, 2А', 'workTime': '24/7', 'acceptsQR': False}, {'ID': 1193, 'name': 'Хабаровск', 'address': 'ул. Краснореченская, 118', 'workTime': '24/7', 'acceptsQR': False}, {'ID': 321932, 'name': 'Чашниково', 'address': 'Территория Индустриальный парк Чашниково, городской округ Солнечногорск, Московская область', 'workTime': '24/7', 'acceptsQR': False}, {'ID': 206968, 'name': 'Чехов 1, Новоселки вл 11 стр 2', 'address': 'Московская обл. городской округ Чехов. Промышленная зона Новоселки, вл. 11 стр 2', 'workTime': '24/7', 'acceptsQR': False}, {'ID': 210001, 'name': 'Чехов 2, Новоселки вл 11 стр 7', 'address': 'Московская обл. городской округ Чехов. Промышленная зона Новоселки, вл. 11 стр 7', 'workTime': '24/7', 'acceptsQR': False}, {'ID': 300864, 'name': 'Шелепаново', 'address': 'деревня Шелепаново, 152/2, городской округ Солнечногорск, Московская область', 'workTime': '24/7', 'acceptsQR': False}, {'ID': 120762, 'name': 'Электросталь', 'address': 'Московская область, Электросталь, посёлок Случайный, территория Массив 3, 5', 'workTime': '24/7', 'acceptsQR': True}]
2024-08-20 15:46:12,074 - root - INFO - Успешно получены ID для 147 складов.
2024-08-20 15:46:12,074 - root - INFO - Запуск программы.
2024-08-20 15:46:12,074 - root - INFO - Начало обновления коэффициентов...
2024-08-20 15:46:13,295 - root - INFO - Получено 5600 коэффициентов.
2024-08-20 15:46:13,353 - root - INFO - Обновлена запись для склада Алматы Атакент на дату 2024-08-28 с коэффициента 0.0 на 1
2024-08-20 15:46:13,353 - updates - INFO - Обновлена запись для склада Алматы Атакент на дату 2024-08-28 с коэффициента 0.0 на 1
2024-08-20 15:46:13,436 - root - INFO - Обновлена запись для склада Белые Столбы на дату 2024-08-20 с коэффициента 14.0 на 20
2024-08-20 15:46:13,436 - updates - INFO - Обновлена запись для склада Белые Столбы на дату 2024-08-20 с коэффициента 14.0 на 20
2024-08-20 15:46:13,440 - root - INFO - Обновлена запись для склада Белые Столбы на дату 2024-08-22 с коэффициента 20.0 на 18
2024-08-20 15:46:13,440 - updates - INFO - Обновлена запись для склада Белые Столбы на дату 2024-08-22 с коэффициента 20.0 на 18
2024-08-20 15:46:13,612 - root - INFO - Обновлена запись для склада Казань на дату 2024-08-23 с коэффициента 5.0 на 20
2024-08-20 15:46:13,612 - updates - INFO - Обновлена запись для склада Казань на дату 2024-08-23 с коэффициента 5.0 на 20
2024-08-20 15:46:13,915 - root - INFO - Обновлена запись для склада Новосибирск на дату 2024-08-23 с коэффициента 4.0 на 6
2024-08-20 15:46:13,915 - updates - INFO - Обновлена запись для склада Новосибирск на дату 2024-08-23 с коэффициента 4.0 на 6
2024-08-20 15:46:13,928 - root - INFO - Обновлена запись для склада Новосибирск на дату 2024-08-27 с коэффициента 8.0 на 10
2024-08-20 15:46:13,928 - updates - INFO - Обновлена запись для склада Новосибирск на дату 2024-08-27 с коэффициента 8.0 на 10
2024-08-20 15:46:13,945 - root - INFO - Обновлена запись для склада Новосибирск на дату 2024-09-01 с коэффициента 12.0 на 14
2024-08-20 15:46:13,945 - updates - INFO - Обновлена запись для склада Новосибирск на дату 2024-09-01 с коэффициента 12.0 на 14
2024-08-20 15:46:14,012 - root - INFO - Обновлена запись для склада Обухово СГТ на дату 2024-08-21 с коэффициента 4.0 на 5
2024-08-20 15:46:14,012 - updates - INFO - Обновлена запись для склада Обухово СГТ на дату 2024-08-21 с коэффициента 4.0 на 5
2024-08-20 15:46:14,022 - root - INFO - Обновлена запись для склада Обухово СГТ на дату 2024-08-24 с коэффициента 3.0 на 6
2024-08-20 15:46:14,022 - updates - INFO - Обновлена запись для склада Обухово СГТ на дату 2024-08-24 с коэффициента 3.0 на 6
2024-08-20 15:46:14,033 - root - INFO - Обновлена запись для склада Обухово СГТ на дату 2024-08-28 с коэффициента 5.0 на 8
2024-08-20 15:46:14,033 - updates - INFO - Обновлена запись для склада Обухово СГТ на дату 2024-08-28 с коэффициента 5.0 на 8
2024-08-20 15:46:14,105 - root - INFO - Обновлена запись для склада Подольск 3 на дату 2024-08-21 с коэффициента 10.0 на 20
2024-08-20 15:46:14,105 - updates - INFO - Обновлена запись для склада Подольск 3 на дату 2024-08-21 с коэффициента 10.0 на 20
2024-08-20 15:46:14,147 - root - INFO - Обновлена запись для склада Подольск 4 на дату 2024-08-21 с коэффициента 8.0 на 10
2024-08-20 15:46:14,147 - updates - INFO - Обновлена запись для склада Подольск 4 на дату 2024-08-21 с коэффициента 8.0 на 10
2024-08-20 15:46:14,500 - root - INFO - Обновлена запись для склада СЦ Астрахань на дату 2024-08-25 с коэффициента 0.0 на 1
2024-08-20 15:46:14,500 - updates - INFO - Обновлена запись для склада СЦ Астрахань на дату 2024-08-25 с коэффициента 0.0 на 1
2024-08-20 15:46:14,831 - root - INFO - Обновлена запись для склада СЦ Брест на дату 2024-08-26 с коэффициента 1.0 на 20
2024-08-20 15:46:14,831 - updates - INFO - Обновлена запись для склада СЦ Брест на дату 2024-08-26 с коэффициента 1.0 на 20
2024-08-20 15:46:14,928 - root - INFO - Обновлена запись для склада СЦ Владикавказ на дату 2024-08-21 с коэффициента 1.0 на 3
2024-08-20 15:46:14,928 - updates - INFO - Обновлена запись для склада СЦ Владикавказ на дату 2024-08-21 с коэффициента 1.0 на 3
2024-08-20 15:46:14,930 - root - INFO - Обновлена запись для склада СЦ Владикавказ на дату 2024-08-22 с коэффициента 3.0 на 1
2024-08-20 15:46:14,930 - updates - INFO - Обновлена запись для склада СЦ Владикавказ на дату 2024-08-22 с коэффициента 3.0 на 1
2024-08-20 15:46:15,072 - root - INFO - Обновлена запись для склада СЦ Внуково на дату 2024-08-28 с коэффициента 11.0 на 6
2024-08-20 15:46:15,072 - updates - INFO - Обновлена запись для склада СЦ Внуково на дату 2024-08-28 с коэффициента 11.0 на 6
2024-08-20 15:46:15,310 - root - INFO - Обновлена запись для склада СЦ Вёшки на дату 2024-08-22 с коэффициента 16.0 на 14
2024-08-20 15:46:15,311 - updates - INFO - Обновлена запись для склада СЦ Вёшки на дату 2024-08-22 с коэффициента 16.0 на 14
2024-08-20 15:46:15,343 - root - INFO - Обновлена запись для склада СЦ Вёшки на дату 2024-08-31 с коэффициента 14.0 на 16
2024-08-20 15:46:15,343 - updates - INFO - Обновлена запись для склада СЦ Вёшки на дату 2024-08-31 с коэффициента 14.0 на 16
2024-08-20 15:46:15,465 - root - INFO - Обновлена запись для склада СЦ Ижевск на дату 2024-08-25 с коэффициента 0.0 на 5
2024-08-20 15:46:15,465 - updates - INFO - Обновлена запись для склада СЦ Ижевск на дату 2024-08-25 с коэффициента 0.0 на 5
2024-08-20 15:46:15,591 - root - INFO - Обновлена запись для склада СЦ Калуга на дату 2024-08-20 с коэффициента 11.0 на 20
2024-08-20 15:46:15,591 - updates - INFO - Обновлена запись для склада СЦ Калуга на дату 2024-08-20 с коэффициента 11.0 на 20
2024-08-20 15:46:15,596 - root - INFO - Обновлена запись для склада СЦ Калуга на дату 2024-08-21 с коэффициента 6.0 на 20
2024-08-20 15:46:15,596 - updates - INFO - Обновлена запись для склада СЦ Калуга на дату 2024-08-21 с коэффициента 6.0 на 20
2024-08-20 15:46:15,603 - root - INFO - Обновлена запись для склада СЦ Калуга на дату 2024-08-23 с коэффициента 11.0 на 20
2024-08-20 15:46:15,603 - updates - INFO - Обновлена запись для склада СЦ Калуга на дату 2024-08-23 с коэффициента 11.0 на 20
2024-08-20 15:46:15,608 - root - INFO - Обновлена запись для склада СЦ Калуга на дату 2024-08-24 с коэффициента 11.0 на 20
2024-08-20 15:46:15,608 - updates - INFO - Обновлена запись для склада СЦ Калуга на дату 2024-08-24 с коэффициента 11.0 на 20
2024-08-20 15:46:15,610 - root - INFO - Обновлена запись для склада СЦ Калуга на дату 2024-08-25 с коэффициента 16.0 на 20
2024-08-20 15:46:15,610 - updates - INFO - Обновлена запись для склада СЦ Калуга на дату 2024-08-25 с коэффициента 16.0 на 20
2024-08-20 15:46:15,614 - root - INFO - Обновлена запись для склада СЦ Калуга на дату 2024-08-26 с коэффициента 16.0 на 20
2024-08-20 15:46:15,614 - updates - INFO - Обновлена запись для склада СЦ Калуга на дату 2024-08-26 с коэффициента 16.0 на 20
2024-08-20 15:46:15,618 - root - INFO - Обновлена запись для склада СЦ Калуга на дату 2024-08-27 с коэффициента 16.0 на 20
2024-08-20 15:46:15,618 - updates - INFO - Обновлена запись для склада СЦ Калуга на дату 2024-08-27 с коэффициента 16.0 на 20
2024-08-20 15:46:15,624 - root - INFO - Обновлена запись для склада СЦ Калуга на дату 2024-08-28 с коэффициента 11.0 на 20
2024-08-20 15:46:15,624 - updates - INFO - Обновлена запись для склада СЦ Калуга на дату 2024-08-28 с коэффициента 11.0 на 20
2024-08-20 15:46:15,625 - root - INFO - Обновлена запись для склада СЦ Калуга на дату 2024-08-29 с коэффициента 11.0 на 20
2024-08-20 15:46:15,625 - updates - INFO - Обновлена запись для склада СЦ Калуга на дату 2024-08-29 с коэффициента 11.0 на 20
2024-08-20 15:46:15,630 - root - INFO - Обновлена запись для склада СЦ Калуга на дату 2024-08-30 с коэффициента 11.0 на 20
2024-08-20 15:46:15,631 - updates - INFO - Обновлена запись для склада СЦ Калуга на дату 2024-08-30 с коэффициента 11.0 на 20
2024-08-20 15:46:15,634 - root - INFO - Обновлена запись для склада СЦ Калуга на дату 2024-08-31 с коэффициента 16.0 на 20
2024-08-20 15:46:15,634 - updates - INFO - Обновлена запись для склада СЦ Калуга на дату 2024-08-31 с коэффициента 16.0 на 20
2024-08-20 15:46:15,635 - root - INFO - Обновлена запись для склада СЦ Калуга на дату 2024-09-01 с коэффициента 11.0 на 20
2024-08-20 15:46:15,635 - updates - INFO - Обновлена запись для склада СЦ Калуга на дату 2024-09-01 с коэффициента 11.0 на 20
2024-08-20 15:46:15,794 - root - INFO - Обновлена запись для склада СЦ Крыловская на дату 2024-08-25 с коэффициента 10.0 на 5
2024-08-20 15:46:15,794 - updates - INFO - Обновлена запись для склада СЦ Крыловская на дату 2024-08-25 с коэффициента 10.0 на 5
2024-08-20 15:46:15,805 - root - INFO - Обновлена запись для склада СЦ Крыловская на дату 2024-08-29 с коэффициента 5.0 на 10
2024-08-20 15:46:15,805 - updates - INFO - Обновлена запись для склада СЦ Крыловская на дату 2024-08-29 с коэффициента 5.0 на 10
2024-08-20 15:46:15,810 - root - INFO - Обновлена запись для склада СЦ Крыловская на дату 2024-08-30 с коэффициента 5.0 на 10
2024-08-20 15:46:15,810 - updates - INFO - Обновлена запись для склада СЦ Крыловская на дату 2024-08-30 с коэффициента 5.0 на 10
2024-08-20 15:46:15,814 - root - INFO - Обновлена запись для склада СЦ Крыловская на дату 2024-08-31 с коэффициента 5.0 на 10
2024-08-20 15:46:15,814 - updates - INFO - Обновлена запись для склада СЦ Крыловская на дату 2024-08-31 с коэффициента 5.0 на 10
2024-08-20 15:46:15,849 - root - INFO - Обновлена запись для склада СЦ Кузнецк на дату 2024-08-23 с коэффициента 4.0 на 8
2024-08-20 15:46:15,849 - updates - INFO - Обновлена запись для склада СЦ Кузнецк на дату 2024-08-23 с коэффициента 4.0 на 8
2024-08-20 15:46:15,995 - root - INFO - Обновлена запись для склада СЦ Липецк на дату 2024-08-27 с коэффициента 7.0 на 9
2024-08-20 15:46:15,995 - updates - INFO - Обновлена запись для склада СЦ Липецк на дату 2024-08-27 с коэффициента 7.0 на 9
2024-08-20 15:46:16,004 - root - INFO - Обновлена запись для склада СЦ Липецк на дату 2024-08-29 с коэффициента 5.0 на 7
2024-08-20 15:46:16,004 - updates - INFO - Обновлена запись для склада СЦ Липецк на дату 2024-08-29 с коэффициента 5.0 на 7
2024-08-20 15:46:16,011 - root - INFO - Обновлена запись для склада СЦ Липецк на дату 2024-08-30 с коэффициента 5.0 на 7
2024-08-20 15:46:16,011 - updates - INFO - Обновлена запись для склада СЦ Липецк на дату 2024-08-30 с коэффициента 5.0 на 7
2024-08-20 15:46:16,016 - root - INFO - Обновлена запись для склада СЦ Липецк на дату 2024-08-31 с коэффициента 7.0 на 5
2024-08-20 15:46:16,016 - updates - INFO - Обновлена запись для склада СЦ Липецк на дату 2024-08-31 с коэффициента 7.0 на 5
2024-08-20 15:46:16,149 - root - INFO - Обновлена запись для склада СЦ Мурманск на дату 2024-08-28 с коэффициента 1.0 на 0
2024-08-20 15:46:16,149 - updates - INFO - Обновлена запись для склада СЦ Мурманск на дату 2024-08-28 с коэффициента 1.0 на 0
2024-08-20 15:46:16,167 - root - INFO - Обновлена запись для склада СЦ Мурманск на дату 2024-08-29 с коэффициента 0.0 на 3
2024-08-20 15:46:16,167 - updates - INFO - Обновлена запись для склада СЦ Мурманск на дату 2024-08-29 с коэффициента 0.0 на 3
2024-08-20 15:46:16,515 - root - INFO - Обновлена запись для склада СЦ Новосибирск Пасечная на дату 2024-08-20 с коэффициента 6.0 на 16
2024-08-20 15:46:16,515 - updates - INFO - Обновлена запись для склада СЦ Новосибирск Пасечная на дату 2024-08-20 с коэффициента 6.0 на 16
2024-08-20 15:46:16,518 - root - INFO - Обновлена запись для склада СЦ Новосибирск Пасечная на дату 2024-08-21 с коэффициента 6.0 на 16
2024-08-20 15:46:16,518 - updates - INFO - Обновлена запись для склада СЦ Новосибирск Пасечная на дату 2024-08-21 с коэффициента 6.0 на 16
2024-08-20 15:46:16,523 - root - INFO - Обновлена запись для склада СЦ Новосибирск Пасечная на дату 2024-08-22 с коэффициента 6.0 на 20
2024-08-20 15:46:16,523 - updates - INFO - Обновлена запись для склада СЦ Новосибирск Пасечная на дату 2024-08-22 с коэффициента 6.0 на 20
2024-08-20 15:46:16,528 - root - INFO - Обновлена запись для склада СЦ Новосибирск Пасечная на дату 2024-08-23 с коэффициента 6.0 на 16
2024-08-20 15:46:16,528 - updates - INFO - Обновлена запись для склада СЦ Новосибирск Пасечная на дату 2024-08-23 с коэффициента 6.0 на 16
2024-08-20 15:46:16,535 - root - INFO - Обновлена запись для склада СЦ Новосибирск Пасечная на дату 2024-08-24 с коэффициента 1.0 на 11
2024-08-20 15:46:16,535 - updates - INFO - Обновлена запись для склада СЦ Новосибирск Пасечная на дату 2024-08-24 с коэффициента 1.0 на 11
2024-08-20 15:46:16,542 - root - INFO - Обновлена запись для склада СЦ Новосибирск Пасечная на дату 2024-08-26 с коэффициента 1.0 на 11
2024-08-20 15:46:16,542 - updates - INFO - Обновлена запись для склада СЦ Новосибирск Пасечная на дату 2024-08-26 с коэффициента 1.0 на 11
2024-08-20 15:46:16,544 - root - INFO - Обновлена запись для склада СЦ Новосибирск Пасечная на дату 2024-08-27 с коэффициента 1.0 на 16
2024-08-20 15:46:16,544 - updates - INFO - Обновлена запись для склада СЦ Новосибирск Пасечная на дату 2024-08-27 с коэффициента 1.0 на 16
2024-08-20 15:46:16,551 - root - INFO - Обновлена запись для склада СЦ Новосибирск Пасечная на дату 2024-08-28 с коэффициента 6.0 на 16
2024-08-20 15:46:16,551 - updates - INFO - Обновлена запись для склада СЦ Новосибирск Пасечная на дату 2024-08-28 с коэффициента 6.0 на 16
2024-08-20 15:46:16,556 - root - INFO - Обновлена запись для склада СЦ Новосибирск Пасечная на дату 2024-08-30 с коэффициента 6.0 на 16
2024-08-20 15:46:16,556 - updates - INFO - Обновлена запись для склада СЦ Новосибирск Пасечная на дату 2024-08-30 с коэффициента 6.0 на 16
2024-08-20 15:46:16,563 - root - INFO - Обновлена запись для склада СЦ Новосибирск Пасечная на дату 2024-08-31 с коэффициента 1.0 на 6
2024-08-20 15:46:16,563 - updates - INFO - Обновлена запись для склада СЦ Новосибирск Пасечная на дату 2024-08-31 с коэффициента 1.0 на 6
2024-08-20 15:46:16,854 - root - INFO - Обновлена запись для склада СЦ Оренбург Центральная на дату 2024-08-28 с коэффициента 1.0 на 2
2024-08-20 15:46:16,854 - updates - INFO - Обновлена запись для склада СЦ Оренбург Центральная на дату 2024-08-28 с коэффициента 1.0 на 2
2024-08-20 15:46:16,976 - root - INFO - Обновлена запись для склада СЦ Пермь 2 на дату 2024-08-20 с коэффициента 7.0 на -1
2024-08-20 15:46:16,977 - updates - INFO - Обновлена запись для склада СЦ Пермь 2 на дату 2024-08-20 с коэффициента 7.0 на -1
2024-08-20 15:46:16,983 - root - INFO - Обновлена запись для склада СЦ Пермь 2 на дату 2024-08-21 с коэффициента 7.0 на -1
2024-08-20 15:46:16,983 - updates - INFO - Обновлена запись для склада СЦ Пермь 2 на дату 2024-08-21 с коэффициента 7.0 на -1
2024-08-20 15:46:16,985 - root - INFO - Обновлена запись для склада СЦ Пермь 2 на дату 2024-08-22 с коэффициента 7.0 на -1
2024-08-20 15:46:16,985 - updates - INFO - Обновлена запись для склада СЦ Пермь 2 на дату 2024-08-22 с коэффициента 7.0 на -1
2024-08-20 15:46:16,989 - root - INFO - Обновлена запись для склада СЦ Пермь 2 на дату 2024-08-23 с коэффициента 3.0 на -1
2024-08-20 15:46:16,989 - updates - INFO - Обновлена запись для склада СЦ Пермь 2 на дату 2024-08-23 с коэффициента 3.0 на -1
2024-08-20 15:46:16,993 - root - INFO - Обновлена запись для склада СЦ Пермь 2 на дату 2024-08-24 с коэффициента 2.0 на -1
2024-08-20 15:46:16,994 - updates - INFO - Обновлена запись для склада СЦ Пермь 2 на дату 2024-08-24 с коэффициента 2.0 на -1
2024-08-20 15:46:17,001 - root - INFO - Обновлена запись для склада СЦ Пермь 2 на дату 2024-08-25 с коэффициента 3.0 на -1
2024-08-20 15:46:17,001 - updates - INFO - Обновлена запись для склада СЦ Пермь 2 на дату 2024-08-25 с коэффициента 3.0 на -1
2024-08-20 15:46:17,007 - root - INFO - Обновлена запись для склада СЦ Пермь 2 на дату 2024-08-26 с коэффициента 3.0 на -1
2024-08-20 15:46:17,007 - updates - INFO - Обновлена запись для склада СЦ Пермь 2 на дату 2024-08-26 с коэффициента 3.0 на -1
2024-08-20 15:46:17,009 - root - INFO - Обновлена запись для склада СЦ Пермь 2 на дату 2024-08-27 с коэффициента 3.0 на -1
2024-08-20 15:46:17,009 - updates - INFO - Обновлена запись для склада СЦ Пермь 2 на дату 2024-08-27 с коэффициента 3.0 на -1
2024-08-20 15:46:17,017 - root - INFO - Обновлена запись для склада СЦ Пермь 2 на дату 2024-08-28 с коэффициента 3.0 на -1
2024-08-20 15:46:17,017 - updates - INFO - Обновлена запись для склада СЦ Пермь 2 на дату 2024-08-28 с коэффициента 3.0 на -1
2024-08-20 15:46:17,020 - root - INFO - Обновлена запись для склада СЦ Пермь 2 на дату 2024-08-29 с коэффициента 2.0 на -1
2024-08-20 15:46:17,020 - updates - INFO - Обновлена запись для склада СЦ Пермь 2 на дату 2024-08-29 с коэффициента 2.0 на -1
2024-08-20 15:46:17,028 - root - INFO - Обновлена запись для склада СЦ Пермь 2 на дату 2024-08-30 с коэффициента 3.0 на -1
2024-08-20 15:46:17,028 - updates - INFO - Обновлена запись для склада СЦ Пермь 2 на дату 2024-08-30 с коэффициента 3.0 на -1
2024-08-20 15:46:17,033 - root - INFO - Обновлена запись для склада СЦ Пермь 2 на дату 2024-08-31 с коэффициента 2.0 на -1
2024-08-20 15:46:17,033 - updates - INFO - Обновлена запись для склада СЦ Пермь 2 на дату 2024-08-31 с коэффициента 2.0 на -1
2024-08-20 15:46:17,036 - root - INFO - Обновлена запись для склада СЦ Пермь 2 на дату 2024-09-01 с коэффициента 2.0 на -1
2024-08-20 15:46:17,036 - updates - INFO - Обновлена запись для склада СЦ Пермь 2 на дату 2024-09-01 с коэффициента 2.0 на -1
2024-08-20 15:46:17,094 - root - INFO - Обновлена запись для склада СЦ Псков на дату 2024-08-25 с коэффициента 1.0 на 6
2024-08-20 15:46:17,094 - updates - INFO - Обновлена запись для склада СЦ Псков на дату 2024-08-25 с коэффициента 1.0 на 6
2024-08-20 15:46:17,331 - root - INFO - Обновлена запись для склада СЦ Пятигорск (Этока) на дату 2024-09-01 с коэффициента 1.0 на 6
2024-08-20 15:46:17,331 - updates - INFO - Обновлена запись для склада СЦ Пятигорск (Этока) на дату 2024-09-01 с коэффициента 1.0 на 6
2024-08-20 15:46:17,360 - root - INFO - Обновлена запись для склада СЦ Ростов-на-Дону на дату 2024-08-20 с коэффициента 11.0 на 6
2024-08-20 15:46:17,360 - updates - INFO - Обновлена запись для склада СЦ Ростов-на-Дону на дату 2024-08-20 с коэффициента 11.0 на 6
2024-08-20 15:46:17,607 - root - INFO - Обновлена запись для склада СЦ Серов на дату 2024-08-20 с коэффициента 1.0 на -1
2024-08-20 15:46:17,607 - updates - INFO - Обновлена запись для склада СЦ Серов на дату 2024-08-20 с коэффициента 1.0 на -1
2024-08-20 15:46:17,613 - root - INFO - Обновлена запись для склада СЦ Серов на дату 2024-08-21 с коэффициента 3.0 на -1
2024-08-20 15:46:17,613 - updates - INFO - Обновлена запись для склада СЦ Серов на дату 2024-08-21 с коэффициента 3.0 на -1
2024-08-20 15:46:17,619 - root - INFO - Обновлена запись для склада СЦ Серов на дату 2024-08-22 с коэффициента 3.0 на -1
2024-08-20 15:46:17,619 - updates - INFO - Обновлена запись для склада СЦ Серов на дату 2024-08-22 с коэффициента 3.0 на -1
2024-08-20 15:46:17,625 - root - INFO - Обновлена запись для склада СЦ Серов на дату 2024-08-23 с коэффициента 9.0 на -1
2024-08-20 15:46:17,625 - updates - INFO - Обновлена запись для склада СЦ Серов на дату 2024-08-23 с коэффициента 9.0 на -1
2024-08-20 15:46:17,631 - root - INFO - Обновлена запись для склада СЦ Серов на дату 2024-08-24 с коэффициента 5.0 на -1
2024-08-20 15:46:17,631 - updates - INFO - Обновлена запись для склада СЦ Серов на дату 2024-08-24 с коэффициента 5.0 на -1
2024-08-20 15:46:17,636 - root - INFO - Обновлена запись для склада СЦ Серов на дату 2024-08-25 с коэффициента 1.0 на -1
2024-08-20 15:46:17,636 - updates - INFO - Обновлена запись для склада СЦ Серов на дату 2024-08-25 с коэффициента 1.0 на -1
2024-08-20 15:46:17,638 - root - INFO - Обновлена запись для склада СЦ Серов на дату 2024-08-26 с коэффициента 1.0 на -1
2024-08-20 15:46:17,638 - updates - INFO - Обновлена запись для склада СЦ Серов на дату 2024-08-26 с коэффициента 1.0 на -1
2024-08-20 15:46:17,642 - root - INFO - Обновлена запись для склада СЦ Серов на дату 2024-08-27 с коэффициента 4.0 на -1
2024-08-20 15:46:17,642 - updates - INFO - Обновлена запись для склада СЦ Серов на дату 2024-08-27 с коэффициента 4.0 на -1
2024-08-20 15:46:17,650 - root - INFO - Обновлена запись для склада СЦ Серов на дату 2024-08-28 с коэффициента 0.0 на -1
2024-08-20 15:46:17,650 - updates - INFO - Обновлена запись для склада СЦ Серов на дату 2024-08-28 с коэффициента 0.0 на -1
2024-08-20 15:46:17,652 - root - INFO - Обновлена запись для склада СЦ Серов на дату 2024-08-29 с коэффициента 2.0 на -1
2024-08-20 15:46:17,652 - updates - INFO - Обновлена запись для склада СЦ Серов на дату 2024-08-29 с коэффициента 2.0 на -1
2024-08-20 15:46:17,659 - root - INFO - Обновлена запись для склада СЦ Серов на дату 2024-08-30 с коэффициента 2.0 на -1
2024-08-20 15:46:17,659 - updates - INFO - Обновлена запись для склада СЦ Серов на дату 2024-08-30 с коэффициента 2.0 на -1
2024-08-20 15:46:17,663 - root - INFO - Обновлена запись для склада СЦ Серов на дату 2024-08-31 с коэффициента 1.0 на -1
2024-08-20 15:46:17,663 - updates - INFO - Обновлена запись для склада СЦ Серов на дату 2024-08-31 с коэффициента 1.0 на -1
2024-08-20 15:46:17,668 - root - INFO - Обновлена запись для склада СЦ Серов на дату 2024-09-01 с коэффициента 0.0 на -1
2024-08-20 15:46:17,668 - updates - INFO - Обновлена запись для склада СЦ Серов на дату 2024-09-01 с коэффициента 0.0 на -1
2024-08-20 15:46:17,819 - root - INFO - Обновлена запись для склада СЦ Смоленск 3 на дату 2024-09-01 с коэффициента 6.0 на 7
2024-08-20 15:46:17,819 - updates - INFO - Обновлена запись для склада СЦ Смоленск 3 на дату 2024-09-01 с коэффициента 6.0 на 7
2024-08-20 15:46:17,932 - root - INFO - Обновлена запись для склада СЦ Сыктывкар на дату 2024-08-20 с коэффициента 0.0 на -1
2024-08-20 15:46:17,932 - updates - INFO - Обновлена запись для склада СЦ Сыктывкар на дату 2024-08-20 с коэффициента 0.0 на -1
2024-08-20 15:46:17,935 - root - INFO - Обновлена запись для склада СЦ Сыктывкар на дату 2024-08-21 с коэффициента 0.0 на -1
2024-08-20 15:46:17,935 - updates - INFO - Обновлена запись для склада СЦ Сыктывкар на дату 2024-08-21 с коэффициента 0.0 на -1
2024-08-20 15:46:17,938 - root - INFO - Обновлена запись для склада СЦ Сыктывкар на дату 2024-08-22 с коэффициента 1.0 на -1
2024-08-20 15:46:17,938 - updates - INFO - Обновлена запись для склада СЦ Сыктывкар на дату 2024-08-22 с коэффициента 1.0 на -1
2024-08-20 15:46:17,942 - root - INFO - Обновлена запись для склада СЦ Сыктывкар на дату 2024-08-23 с коэффициента 2.0 на -1
2024-08-20 15:46:17,942 - updates - INFO - Обновлена запись для склада СЦ Сыктывкар на дату 2024-08-23 с коэффициента 2.0 на -1
2024-08-20 15:46:17,946 - root - INFO - Обновлена запись для склада СЦ Сыктывкар на дату 2024-08-24 с коэффициента 0.0 на -1
2024-08-20 15:46:17,946 - updates - INFO - Обновлена запись для склада СЦ Сыктывкар на дату 2024-08-24 с коэффициента 0.0 на -1
2024-08-20 15:46:17,951 - root - INFO - Обновлена запись для склада СЦ Сыктывкар на дату 2024-08-25 с коэффициента 1.0 на -1
2024-08-20 15:46:17,951 - updates - INFO - Обновлена запись для склада СЦ Сыктывкар на дату 2024-08-25 с коэффициента 1.0 на -1
2024-08-20 15:46:17,956 - root - INFO - Обновлена запись для склада СЦ Сыктывкар на дату 2024-08-26 с коэффициента 2.0 на -1
2024-08-20 15:46:17,956 - updates - INFO - Обновлена запись для склада СЦ Сыктывкар на дату 2024-08-26 с коэффициента 2.0 на -1
2024-08-20 15:46:17,958 - root - INFO - Обновлена запись для склада СЦ Сыктывкар на дату 2024-08-27 с коэффициента 1.0 на -1
2024-08-20 15:46:17,958 - updates - INFO - Обновлена запись для склада СЦ Сыктывкар на дату 2024-08-27 с коэффициента 1.0 на -1
2024-08-20 15:46:17,965 - root - INFO - Обновлена запись для склада СЦ Сыктывкар на дату 2024-08-28 с коэффициента 2.0 на -1
2024-08-20 15:46:17,965 - updates - INFO - Обновлена запись для склада СЦ Сыктывкар на дату 2024-08-28 с коэффициента 2.0 на -1
2024-08-20 15:46:17,968 - root - INFO - Обновлена запись для склада СЦ Сыктывкар на дату 2024-08-29 с коэффициента 1.0 на -1
2024-08-20 15:46:17,968 - updates - INFO - Обновлена запись для склада СЦ Сыктывкар на дату 2024-08-29 с коэффициента 1.0 на -1
2024-08-20 15:46:17,970 - root - INFO - Обновлена запись для склада СЦ Сыктывкар на дату 2024-08-30 с коэффициента 1.0 на -1
2024-08-20 15:46:17,970 - updates - INFO - Обновлена запись для склада СЦ Сыктывкар на дату 2024-08-30 с коэффициента 1.0 на -1
2024-08-20 15:46:17,974 - root - INFO - Обновлена запись для склада СЦ Сыктывкар на дату 2024-08-31 с коэффициента 0.0 на -1
2024-08-20 15:46:17,974 - updates - INFO - Обновлена запись для склада СЦ Сыктывкар на дату 2024-08-31 с коэффициента 0.0 на -1
2024-08-20 15:46:17,978 - root - INFO - Обновлена запись для склада СЦ Сыктывкар на дату 2024-09-01 с коэффициента 0.0 на -1
2024-08-20 15:46:17,978 - updates - INFO - Обновлена запись для склада СЦ Сыктывкар на дату 2024-09-01 с коэффициента 0.0 на -1
2024-08-20 15:46:18,020 - root - INFO - Обновлена запись для склада СЦ Тамбов на дату 2024-08-24 с коэффициента 9.0 на 12
2024-08-20 15:46:18,020 - updates - INFO - Обновлена запись для склада СЦ Тамбов на дату 2024-08-24 с коэффициента 9.0 на 12
2024-08-20 15:46:18,031 - root - INFO - Обновлена запись для склада СЦ Тамбов на дату 2024-08-27 с коэффициента 18.0 на 20
2024-08-20 15:46:18,031 - updates - INFO - Обновлена запись для склада СЦ Тамбов на дату 2024-08-27 с коэффициента 18.0 на 20
2024-08-20 15:46:18,057 - root - INFO - Обновлена запись для склада СЦ Тамбов на дату 2024-09-02 с коэффициента 6.0 на 9
2024-08-20 15:46:18,057 - updates - INFO - Обновлена запись для склада СЦ Тамбов на дату 2024-09-02 с коэффициента 6.0 на 9
2024-08-20 15:46:18,244 - root - INFO - Обновлена запись для склада СЦ Тюмень на дату 2024-08-20 с коэффициента 10.0 на 20
2024-08-20 15:46:18,244 - updates - INFO - Обновлена запись для склада СЦ Тюмень на дату 2024-08-20 с коэффициента 10.0 на 20
2024-08-20 15:46:18,254 - root - INFO - Обновлена запись для склада СЦ Тюмень на дату 2024-08-23 с коэффициента 10.0 на 20
2024-08-20 15:46:18,254 - updates - INFO - Обновлена запись для склада СЦ Тюмень на дату 2024-08-23 с коэффициента 10.0 на 20
2024-08-20 15:46:18,269 - root - INFO - Обновлена запись для склада СЦ Тюмень на дату 2024-08-26 с коэффициента 10.0 на 20
2024-08-20 15:46:18,269 - updates - INFO - Обновлена запись для склада СЦ Тюмень на дату 2024-08-26 с коэффициента 10.0 на 20
2024-08-20 15:46:18,270 - root - INFO - Обновлена запись для склада СЦ Тюмень на дату 2024-08-27 с коэффициента 10.0 на 20
2024-08-20 15:46:18,271 - updates - INFO - Обновлена запись для склада СЦ Тюмень на дату 2024-08-27 с коэффициента 10.0 на 20
2024-08-20 15:46:18,277 - root - INFO - Обновлена запись для склада СЦ Тюмень на дату 2024-08-28 с коэффициента 10.0 на 20
2024-08-20 15:46:18,277 - updates - INFO - Обновлена запись для склада СЦ Тюмень на дату 2024-08-28 с коэффициента 10.0 на 20
2024-08-20 15:46:18,279 - root - INFO - Обновлена запись для склада СЦ Тюмень на дату 2024-08-29 с коэффициента 10.0 на 20
2024-08-20 15:46:18,279 - updates - INFO - Обновлена запись для склада СЦ Тюмень на дату 2024-08-29 с коэффициента 10.0 на 20
2024-08-20 15:46:18,489 - root - INFO - Обновлена запись для склада СЦ Уфа на дату 2024-08-20 с коэффициента 10.0 на 20
2024-08-20 15:46:18,489 - updates - INFO - Обновлена запись для склада СЦ Уфа на дату 2024-08-20 с коэффициента 10.0 на 20
2024-08-20 15:46:18,493 - root - INFO - Обновлена запись для склада СЦ Уфа на дату 2024-08-21 с коэффициента 7.0 на 16
2024-08-20 15:46:18,493 - updates - INFO - Обновлена запись для склада СЦ Уфа на дату 2024-08-21 с коэффициента 7.0 на 16
2024-08-20 15:46:18,497 - root - INFO - Обновлена запись для склада СЦ Уфа на дату 2024-08-22 с коэффициента 13.0 на 20
2024-08-20 15:46:18,497 - updates - INFO - Обновлена запись для склада СЦ Уфа на дату 2024-08-22 с коэффициента 13.0 на 20
2024-08-20 15:46:18,501 - root - INFO - Обновлена запись для склада СЦ Уфа на дату 2024-08-23 с коэффициента 10.0 на 20
2024-08-20 15:46:18,501 - updates - INFO - Обновлена запись для склада СЦ Уфа на дату 2024-08-23 с коэффициента 10.0 на 20
2024-08-20 15:46:18,507 - root - INFO - Обновлена запись для склада СЦ Уфа на дату 2024-08-24 с коэффициента 7.0 на 16
2024-08-20 15:46:18,507 - updates - INFO - Обновлена запись для склада СЦ Уфа на дату 2024-08-24 с коэффициента 7.0 на 16
2024-08-20 15:46:18,510 - root - INFO - Обновлена запись для склада СЦ Уфа на дату 2024-08-25 с коэффициента 7.0 на 19
2024-08-20 15:46:18,510 - updates - INFO - Обновлена запись для склада СЦ Уфа на дату 2024-08-25 с коэффициента 7.0 на 19
2024-08-20 15:46:18,515 - root - INFO - Обновлена запись для склада СЦ Уфа на дату 2024-08-26 с коэффициента 7.0 на 16
2024-08-20 15:46:18,515 - updates - INFO - Обновлена запись для склада СЦ Уфа на дату 2024-08-26 с коэффициента 7.0 на 16
2024-08-20 15:46:18,519 - root - INFO - Обновлена запись для склада СЦ Уфа на дату 2024-08-27 с коэффициента 13.0 на 20
2024-08-20 15:46:18,519 - updates - INFO - Обновлена запись для склада СЦ Уфа на дату 2024-08-27 с коэффициента 13.0 на 20
2024-08-20 15:46:18,525 - root - INFO - Обновлена запись для склада СЦ Уфа на дату 2024-08-28 с коэффициента 7.0 на 19
2024-08-20 15:46:18,525 - updates - INFO - Обновлена запись для склада СЦ Уфа на дату 2024-08-28 с коэффициента 7.0 на 19
2024-08-20 15:46:18,526 - root - INFO - Обновлена запись для склада СЦ Уфа на дату 2024-08-29 с коэффициента 7.0 на 16
2024-08-20 15:46:18,526 - updates - INFO - Обновлена запись для склада СЦ Уфа на дату 2024-08-29 с коэффициента 7.0 на 16
2024-08-20 15:46:18,533 - root - INFO - Обновлена запись для склада СЦ Уфа на дату 2024-08-30 с коэффициента 7.0 на 16
2024-08-20 15:46:18,533 - updates - INFO - Обновлена запись для склада СЦ Уфа на дату 2024-08-30 с коэффициента 7.0 на 16
2024-08-20 15:46:18,537 - root - INFO - Обновлена запись для склада СЦ Уфа на дату 2024-08-31 с коэффициента 7.0 на 16
2024-08-20 15:46:18,537 - updates - INFO - Обновлена запись для склада СЦ Уфа на дату 2024-08-31 с коэффициента 7.0 на 16
2024-08-20 15:46:18,539 - root - INFO - Обновлена запись для склада СЦ Уфа на дату 2024-09-01 с коэффициента 7.0 на 19
2024-08-20 15:46:18,539 - updates - INFO - Обновлена запись для склада СЦ Уфа на дату 2024-09-01 с коэффициента 7.0 на 19
2024-08-20 15:46:18,602 - root - INFO - Обновлена запись для склада СЦ Хабаровск на дату 2024-08-29 с коэффициента 2.0 на 1
2024-08-20 15:46:18,602 - updates - INFO - Обновлена запись для склада СЦ Хабаровск на дату 2024-08-29 с коэффициента 2.0 на 1
2024-08-20 15:46:18,648 - root - INFO - Обновлена запись для склада СЦ Чебоксары 2 на дату 2024-08-20 с коэффициента 20.0 на -1
2024-08-20 15:46:18,648 - updates - INFO - Обновлена запись для склада СЦ Чебоксары 2 на дату 2024-08-20 с коэффициента 20.0 на -1
2024-08-20 15:46:18,653 - root - INFO - Обновлена запись для склада СЦ Чебоксары 2 на дату 2024-08-21 с коэффициента 20.0 на -1
2024-08-20 15:46:18,653 - updates - INFO - Обновлена запись для склада СЦ Чебоксары 2 на дату 2024-08-21 с коэффициента 20.0 на -1
2024-08-20 15:46:18,659 - root - INFO - Обновлена запись для склада СЦ Чебоксары 2 на дату 2024-08-22 с коэффициента 20.0 на -1
2024-08-20 15:46:18,659 - updates - INFO - Обновлена запись для склада СЦ Чебоксары 2 на дату 2024-08-22 с коэффициента 20.0 на -1
2024-08-20 15:46:18,666 - root - INFO - Обновлена запись для склада СЦ Чебоксары 2 на дату 2024-08-23 с коэффициента 20.0 на -1
2024-08-20 15:46:18,666 - updates - INFO - Обновлена запись для склада СЦ Чебоксары 2 на дату 2024-08-23 с коэффициента 20.0 на -1
2024-08-20 15:46:18,672 - root - INFO - Обновлена запись для склада СЦ Чебоксары 2 на дату 2024-08-24 с коэффициента 20.0 на -1
2024-08-20 15:46:18,672 - updates - INFO - Обновлена запись для склада СЦ Чебоксары 2 на дату 2024-08-24 с коэффициента 20.0 на -1
2024-08-20 15:46:18,674 - root - INFO - Обновлена запись для склада СЦ Чебоксары 2 на дату 2024-08-25 с коэффициента 16.0 на -1
2024-08-20 15:46:18,674 - updates - INFO - Обновлена запись для склада СЦ Чебоксары 2 на дату 2024-08-25 с коэффициента 16.0 на -1
2024-08-20 15:46:18,680 - root - INFO - Обновлена запись для склада СЦ Чебоксары 2 на дату 2024-08-26 с коэффициента 20.0 на -1
2024-08-20 15:46:18,680 - updates - INFO - Обновлена запись для склада СЦ Чебоксары 2 на дату 2024-08-26 с коэффициента 20.0 на -1
2024-08-20 15:46:18,687 - root - INFO - Обновлена запись для склада СЦ Чебоксары 2 на дату 2024-08-27 с коэффициента 11.0 на -1
2024-08-20 15:46:18,687 - updates - INFO - Обновлена запись для склада СЦ Чебоксары 2 на дату 2024-08-27 с коэффициента 11.0 на -1
2024-08-20 15:46:18,696 - root - INFO - Обновлена запись для склада СЦ Чебоксары 2 на дату 2024-08-28 с коэффициента 16.0 на -1
2024-08-20 15:46:18,696 - updates - INFO - Обновлена запись для склада СЦ Чебоксары 2 на дату 2024-08-28 с коэффициента 16.0 на -1
2024-08-20 15:46:18,699 - root - INFO - Обновлена запись для склада СЦ Чебоксары 2 на дату 2024-08-29 с коэффициента 16.0 на -1
2024-08-20 15:46:18,699 - updates - INFO - Обновлена запись для склада СЦ Чебоксары 2 на дату 2024-08-29 с коэффициента 16.0 на -1
2024-08-20 15:46:18,708 - root - INFO - Обновлена запись для склада СЦ Чебоксары 2 на дату 2024-08-30 с коэффициента 11.0 на -1
2024-08-20 15:46:18,708 - updates - INFO - Обновлена запись для склада СЦ Чебоксары 2 на дату 2024-08-30 с коэффициента 11.0 на -1
2024-08-20 15:46:18,714 - root - INFO - Обновлена запись для склада СЦ Чебоксары 2 на дату 2024-08-31 с коэффициента 11.0 на -1
2024-08-20 15:46:18,714 - updates - INFO - Обновлена запись для склада СЦ Чебоксары 2 на дату 2024-08-31 с коэффициента 11.0 на -1
2024-08-20 15:46:18,716 - root - INFO - Обновлена запись для склада СЦ Чебоксары 2 на дату 2024-09-01 с коэффициента 11.0 на -1
2024-08-20 15:46:18,716 - updates - INFO - Обновлена запись для склада СЦ Чебоксары 2 на дату 2024-09-01 с коэффициента 11.0 на -1
2024-08-20 15:46:18,721 - root - INFO - Обновлена запись для склада СЦ Чебоксары 2 на дату 2024-09-02 с коэффициента 11.0 на -1
2024-08-20 15:46:18,721 - updates - INFO - Обновлена запись для склада СЦ Чебоксары 2 на дату 2024-09-02 с коэффициента 11.0 на -1
2024-08-20 15:46:18,819 - root - INFO - Обновлена запись для склада СЦ Челябинск 2 на дату 2024-09-01 с коэффициента 2.0 на 3
2024-08-20 15:46:18,819 - updates - INFO - Обновлена запись для склада СЦ Челябинск 2 на дату 2024-09-01 с коэффициента 2.0 на 3
2024-08-20 15:46:18,860 - root - INFO - Обновлена запись для склада СЦ Череповец на дату 2024-08-20 с коэффициента 10.0 на 20
2024-08-20 15:46:18,860 - updates - INFO - Обновлена запись для склада СЦ Череповец на дату 2024-08-20 с коэффициента 10.0 на 20
2024-08-20 15:46:18,865 - root - INFO - Обновлена запись для склада СЦ Череповец на дату 2024-08-21 с коэффициента 5.0 на 20
2024-08-20 15:46:18,865 - updates - INFO - Обновлена запись для склада СЦ Череповец на дату 2024-08-21 с коэффициента 5.0 на 20
2024-08-20 15:46:18,871 - root - INFO - Обновлена запись для склада СЦ Череповец на дату 2024-08-23 с коэффициента 10.0 на 20
2024-08-20 15:46:18,871 - updates - INFO - Обновлена запись для склада СЦ Череповец на дату 2024-08-23 с коэффициента 10.0 на 20
2024-08-20 15:46:18,883 - root - INFO - Обновлена запись для склада СЦ Череповец на дату 2024-08-25 с коэффициента 5.0 на 20
2024-08-20 15:46:18,883 - updates - INFO - Обновлена запись для склада СЦ Череповец на дату 2024-08-25 с коэффициента 5.0 на 20
2024-08-20 15:46:18,885 - root - INFO - Обновлена запись для склада СЦ Череповец на дату 2024-08-26 с коэффициента 10.0 на 20
2024-08-20 15:46:18,885 - updates - INFO - Обновлена запись для склада СЦ Череповец на дату 2024-08-26 с коэффициента 10.0 на 20
2024-08-20 15:46:18,891 - root - INFO - Обновлена запись для склада СЦ Череповец на дату 2024-08-27 с коэффициента 5.0 на 20
2024-08-20 15:46:18,891 - updates - INFO - Обновлена запись для склада СЦ Череповец на дату 2024-08-27 с коэффициента 5.0 на 20
2024-08-20 15:46:18,902 - root - INFO - Обновлена запись для склада СЦ Череповец на дату 2024-08-28 с коэффициента 10.0 на 20
2024-08-20 15:46:18,902 - updates - INFO - Обновлена запись для склада СЦ Череповец на дату 2024-08-28 с коэффициента 10.0 на 20
2024-08-20 15:46:18,904 - root - INFO - Обновлена запись для склада СЦ Череповец на дату 2024-08-29 с коэффициента 5.0 на 20
2024-08-20 15:46:18,904 - updates - INFO - Обновлена запись для склада СЦ Череповец на дату 2024-08-29 с коэффициента 5.0 на 20
2024-08-20 15:46:18,911 - root - INFO - Обновлена запись для склада СЦ Череповец на дату 2024-08-30 с коэффициента 10.0 на 20
2024-08-20 15:46:18,912 - updates - INFO - Обновлена запись для склада СЦ Череповец на дату 2024-08-30 с коэффициента 10.0 на 20
2024-08-20 15:46:18,922 - root - INFO - Обновлена запись для склада СЦ Череповец на дату 2024-08-31 с коэффициента 5.0 на 20
2024-08-20 15:46:18,922 - updates - INFO - Обновлена запись для склада СЦ Череповец на дату 2024-08-31 с коэффициента 5.0 на 20
2024-08-20 15:46:18,925 - root - INFO - Обновлена запись для склада СЦ Череповец на дату 2024-09-01 с коэффициента 10.0 на 20
2024-08-20 15:46:18,925 - updates - INFO - Обновлена запись для склада СЦ Череповец на дату 2024-09-01 с коэффициента 10.0 на 20
2024-08-20 15:46:19,585 - root - INFO - Обновлена запись для склада Тула на дату 2024-08-22 с коэффициента 1.0 на 20
2024-08-20 15:46:19,585 - updates - INFO - Обновлена запись для склада Тула на дату 2024-08-22 с коэффициента 1.0 на 20
2024-08-20 15:46:19,600 - root - INFO - Обновлена запись для склада Тула на дату 2024-08-25 с коэффициента 1.0 на 20
2024-08-20 15:46:19,600 - updates - INFO - Обновлена запись для склада Тула на дату 2024-08-25 с коэффициента 1.0 на 20
2024-08-20 15:46:20,037 - root - INFO - Обновление данных завершено успешно.
2024-08-20 15:46:21,044 - root - INFO - Запуск программы.
2024-08-20 15:46:21,044 - root - INFO - Начало обновления коэффициентов...
2024-08-20 15:46:22,479 - root - INFO - Получено 5600 коэффициентов.
2024-08-20 15:46:30,500 - root - INFO - Обновление данных завершено успешно.
2024-08-20 15:46:31,507 - root - INFO - Запуск программы.
2024-08-20 15:46:31,507 - root - INFO - Начало обновления коэффициентов...
2024-08-20 15:46:32,944 - root - INFO - Получено 5600 коэффициентов.
2024-08-20 15:46:40,057 - root - INFO - Обновление данных завершено успешно.
2024-08-20 15:46:41,067 - root - INFO - Запуск программы.
2024-08-20 15:46:41,067 - root - INFO - Начало обновления коэффициентов...
2024-08-20 15:46:42,362 - root - INFO - Получено 5600 коэффициентов.
2024-08-20 15:46:44,439 - root - INFO - Обновлена запись для склада СЦ Внуково на дату 2024-08-28 с коэффициента 6.0 на 11
2024-08-20 15:46:44,439 - updates - INFO - Обновлена запись для склада СЦ Внуково на дату 2024-08-28 с коэффициента 6.0 на 11
2024-08-20 15:46:45,187 - root - INFO - Обновлена запись для склада СЦ Крыловская на дату 2024-08-31 с коэффициента 10.0 на 5
2024-08-20 15:46:45,187 - updates - INFO - Обновлена запись для склада СЦ Крыловская на дату 2024-08-31 с коэффициента 10.0 на 5
2024-08-20 15:46:50,298 - root - INFO - Обновление данных завершено успешно.
2024-08-20 15:46:51,309 - root - INFO - Запуск программы.
2024-08-20 15:46:51,309 - root - INFO - Начало обновления коэффициентов...
2024-08-20 15:46:54,010 - root - INFO - Получено 5600 коэффициентов.
2024-08-20 15:46:57,320 - root - INFO - Обновлена запись для склада СЦ Внуково на дату 2024-08-28 с коэффициента 11.0 на 6
2024-08-20 15:46:57,320 - updates - INFO - Обновлена запись для склада СЦ Внуково на дату 2024-08-28 с коэффициента 11.0 на 6
2024-08-20 15:46:58,788 - root - INFO - Обновлена запись для склада СЦ Крыловская на дату 2024-08-31 с коэффициента 5.0 на 10
2024-08-20 15:46:58,789 - updates - INFO - Обновлена запись для склада СЦ Крыловская на дату 2024-08-31 с коэффициента 5.0 на 10
2024-08-20 15:47:05,622 - root - INFO - Обновление данных завершено успешно.
2024-08-20 15:47:06,632 - root - INFO - Запуск программы.
2024-08-20 15:47:06,632 - root - INFO - Начало обновления коэффициентов...
2024-08-20 15:47:07,951 - root - INFO - Получено 5600 коэффициентов.
2024-08-20 15:47:17,449 - root - INFO - Обновление данных завершено успешно.
2024-08-20 15:47:18,462 - root - INFO - Запуск программы.
2024-08-20 15:47:18,463 - root - INFO - Начало обновления коэффициентов...
2024-08-20 15:47:19,911 - root - INFO - Получено 5600 коэффициентов.
2024-08-20 15:47:30,356 - root - INFO - Обновление данных завершено успешно.
2024-08-20 15:47:31,366 - root - INFO - Запуск программы.
2024-08-20 15:47:31,367 - root - INFO - Начало обновления коэффициентов...
2024-08-20 15:47:32,578 - root - INFO - Получено 5600 коэффициентов.
2024-08-20 15:47:43,761 - root - INFO - Обновление данных завершено успешно.
2024-08-20 15:47:44,768 - root - INFO - Запуск программы.
2024-08-20 15:47:44,768 - root - INFO - Начало обновления коэффициентов...
2024-08-20 15:47:46,114 - root - INFO - Получено 5600 коэффициентов.
2024-08-20 15:47:57,538 - root - INFO - Обновление данных завершено успешно.
2024-08-20 15:47:58,544 - root - INFO - Запуск программы.
2024-08-20 15:47:58,544 - root - INFO - Начало обновления коэффициентов...
2024-08-20 15:47:59,858 - root - INFO - Получено 5600 коэффициентов.
2024-08-20 15:48:12,282 - root - INFO - Обновление данных завершено успешно.
2024-08-20 15:48:13,289 - root - INFO - Запуск программы.
2024-08-20 15:48:13,290 - root - INFO - Начало обновления коэффициентов...
2024-08-20 15:48:14,693 - root - INFO - Получено 5600 коэффициентов.
2024-08-20 15:48:26,015 - root - INFO - Обновление данных завершено успешно.
2024-08-20 15:48:27,024 - root - INFO - Запуск программы.
2024-08-20 15:48:27,024 - root - INFO - Начало обновления коэффициентов...
2024-08-20 15:48:28,377 - root - INFO - Получено 5600 коэффициентов.
2024-08-20 15:48:39,892 - root - INFO - Обновление данных завершено успешно.
2024-08-20 15:48:40,902 - root - INFO - Запуск программы.
2024-08-20 15:48:40,903 - root - INFO - Начало обновления коэффициентов...
2024-08-20 15:48:42,159 - root - INFO - Получено 5600 коэффициентов.
2024-08-20 15:48:53,604 - root - INFO - Обновление данных завершено успешно.
2024-08-20 15:48:54,614 - root - INFO - Запуск программы.
2024-08-20 15:48:54,615 - root - INFO - Начало обновления коэффициентов...
2024-08-20 15:48:55,877 - root - INFO - Получено 5600 коэффициентов.
2024-08-20 15:49:07,316 - root - INFO - Обновление данных завершено успешно.
2024-08-20 15:49:08,323 - root - INFO - Запуск программы.
2024-08-20 15:49:08,324 - root - INFO - Начало обновления коэффициентов...
2024-08-20 15:49:09,753 - root - INFO - Получено 5600 коэффициентов.
2024-08-20 15:49:21,183 - root - INFO - Обновление данных завершено успешно.
2024-08-20 15:49:22,191 - root - INFO - Запуск программы.
2024-08-20 15:49:22,191 - root - INFO - Начало обновления коэффициентов...
2024-08-20 15:49:23,374 - root - INFO - Получено 5600 коэффициентов.
2024-08-20 15:49:34,557 - root - INFO - Обновление данных завершено успешно.
2024-08-20 15:49:35,566 - root - INFO - Запуск программы.
2024-08-20 15:49:35,566 - root - INFO - Начало обновления коэффициентов...
2024-08-20 15:49:36,949 - root - INFO - Получено 5600 коэффициентов.
2024-08-20 15:49:48,389 - root - INFO - Обновление данных завершено успешно.
2024-08-20 15:49:49,399 - root - INFO - Запуск программы.
2024-08-20 15:49:49,399 - root - INFO - Начало обновления коэффициентов...
2024-08-20 15:49:50,890 - root - INFO - Получено 5600 коэффициентов.
2024-08-20 15:50:00,793 - root - INFO - Обновление данных завершено успешно.
2024-08-20 15:50:01,801 - root - INFO - Запуск программы.
2024-08-20 15:50:01,801 - root - INFO - Начало обновления коэффициентов...
2024-08-20 15:50:03,289 - root - INFO - Получено 5600 коэффициентов.
2024-08-20 15:50:10,394 - root - INFO - Обновление данных завершено успешно.
2024-08-20 15:50:11,399 - root - INFO - Запуск программы.
2024-08-20 15:50:11,400 - root - INFO - Начало обновления коэффициентов...
2024-08-20 15:50:12,740 - root - INFO - Получено 5600 коэффициентов.
2024-08-20 15:50:20,833 - root - INFO - Обновление данных завершено успешно.
2024-08-20 15:50:21,843 - root - INFO - Запуск программы.
2024-08-20 15:50:21,844 - root - INFO - Начало обновления коэффициентов...
2024-08-20 15:50:24,402 - root - INFO - Получено 5600 коэффициентов.
2024-08-20 15:50:33,682 - root - INFO - Обновление данных завершено успешно.
2024-08-20 15:50:34,690 - root - INFO - Запуск программы.
2024-08-20 15:50:34,691 - root - INFO - Начало обновления коэффициентов...
2024-08-20 15:50:35,945 - root - INFO - Получено 5600 коэффициентов.
2024-08-20 15:50:47,210 - root - INFO - Обновление данных завершено успешно.
2024-08-20 15:50:48,220 - root - INFO - Запуск программы.
2024-08-20 15:50:48,221 - root - INFO - Начало обновления коэффициентов...
2024-08-20 15:50:49,753 - root - INFO - Получено 5600 коэффициентов.
2024-08-20 15:50:59,808 - root - INFO - Обновление данных завершено успешно.
2024-08-20 15:51:00,814 - root - INFO - Запуск программы.
2024-08-20 15:51:00,816 - root - INFO - Начало обновления коэффициентов...
2024-08-20 15:51:02,151 - root - INFO - Получено 5600 коэффициентов.
2024-08-20 15:51:10,879 - root - INFO - Обновление данных завершено успешно.
2024-08-20 15:51:11,892 - root - INFO - Запуск программы.
2024-08-20 15:51:11,893 - root - INFO - Начало обновления коэффициентов...
2024-08-20 15:51:13,178 - root - INFO - Получено 5600 коэффициентов.
2024-08-20 15:51:22,306 - root - INFO - Обновление данных завершено успешно.
2024-08-20 15:51:23,313 - root - INFO - Запуск программы.
2024-08-20 15:51:23,313 - root - INFO - Начало обновления коэффициентов...
2024-08-20 15:51:24,546 - root - INFO - Получено 5600 коэффициентов.
2024-08-20 15:51:32,715 - root - INFO - Обновление данных завершено успешно.
2024-08-20 15:51:33,726 - root - INFO - Запуск программы.
2024-08-20 15:51:33,726 - root - INFO - Начало обновления коэффициентов...
2024-08-20 15:51:34,972 - root - INFO - Получено 5600 коэффициентов.
2024-08-20 15:51:44,390 - root - INFO - Обновление данных завершено успешно.
2024-08-20 15:51:45,404 - root - INFO - Запуск программы.
2024-08-20 15:51:45,404 - root - INFO - Начало обновления коэффициентов...
2024-08-20 15:51:46,683 - root - INFO - Получено 5600 коэффициентов.
2024-08-20 15:51:55,437 - root - INFO - Обновление данных завершено успешно.
2024-08-20 15:51:56,443 - root - INFO - Запуск программы.
2024-08-20 15:51:56,444 - root - INFO - Начало обновления коэффициентов...
2024-08-20 15:51:57,628 - root - INFO - Получено 5600 коэффициентов.
2024-08-20 15:52:08,558 - root - INFO - Обновление данных завершено успешно.
2024-08-20 15:52:09,569 - root - INFO - Запуск программы.
2024-08-20 15:52:09,569 - root - INFO - Начало обновления коэффициентов...
2024-08-20 15:52:10,943 - root - INFO - Получено 5600 коэффициентов.
2024-08-20 15:52:20,931 - root - INFO - Обновление данных завершено успешно.
2024-08-20 15:52:21,936 - root - INFO - Запуск программы.
2024-08-20 15:52:21,937 - root - INFO - Начало обновления коэффициентов...
2024-08-20 15:52:24,023 - root - INFO - Получено 5600 коэффициентов.
2024-08-20 15:52:34,416 - root - INFO - Обновление данных завершено успешно.
2024-08-20 15:52:35,426 - root - INFO - Запуск программы.
2024-08-20 15:52:35,426 - root - INFO - Начало обновления коэффициентов...
2024-08-20 15:52:36,663 - root - INFO - Получено 5600 коэффициентов.
2024-08-20 15:52:44,772 - root - INFO - Обновление данных завершено успешно.
2024-08-20 15:52:45,780 - root - INFO - Запуск программы.
2024-08-20 15:52:45,780 - root - INFO - Начало обновления коэффициентов...
2024-08-20 15:52:47,077 - root - INFO - Получено 5600 коэффициентов.
2024-08-20 15:52:55,198 - root - INFO - Обновление данных завершено успешно.
2024-08-20 15:52:56,207 - root - INFO - Запуск программы.
2024-08-20 15:52:56,207 - root - INFO - Начало обновления коэффициентов...
2024-08-20 15:52:57,482 - root - INFO - Получено 5600 коэффициентов.
2024-08-20 15:53:05,637 - root - INFO - Обновление данных завершено успешно.
2024-08-20 15:53:06,648 - root - INFO - Запуск программы.
2024-08-20 15:53:06,648 - root - INFO - Начало обновления коэффициентов...
2024-08-20 15:53:07,927 - root - INFO - Получено 5600 коэффициентов.
2024-08-20 15:53:16,935 - root - INFO - Обновление данных завершено успешно.
2024-08-20 15:53:17,945 - root - INFO - Запуск программы.
2024-08-20 15:53:17,946 - root - INFO - Начало обновления коэффициентов...
2024-08-20 15:53:19,224 - root - INFO - Получено 5600 коэффициентов.
2024-08-20 15:53:30,154 - root - INFO - Обновление данных завершено успешно.
2024-08-20 15:53:31,162 - root - INFO - Запуск программы.
2024-08-20 15:53:31,163 - root - INFO - Начало обновления коэффициентов...
2024-08-20 15:53:32,606 - root - INFO - Получено 5600 коэффициентов.
2024-08-20 15:53:41,307 - root - INFO - Обновление данных завершено успешно.
2024-08-20 15:53:42,313 - root - INFO - Запуск программы.
2024-08-20 15:53:42,313 - root - INFO - Начало обновления коэффициентов...
2024-08-20 15:53:43,616 - root - INFO - Получено 5600 коэффициентов.
2024-08-20 15:53:52,839 - root - INFO - Обновление данных завершено успешно.
2024-08-20 15:53:53,849 - root - INFO - Запуск программы.
2024-08-20 15:53:53,850 - root - INFO - Начало обновления коэффициентов...
2024-08-20 15:53:55,168 - root - INFO - Получено 5600 коэффициентов.
2024-08-20 15:54:04,455 - root - INFO - Обновление данных завершено успешно.
2024-08-20 15:54:05,464 - root - INFO - Запуск программы.
2024-08-20 15:54:05,465 - root - INFO - Начало обновления коэффициентов...
2024-08-20 15:54:06,826 - root - INFO - Получено 5600 коэффициентов.
2024-08-20 15:54:16,310 - root - INFO - Обновление данных завершено успешно.
2024-08-20 15:54:17,321 - root - INFO - Запуск программы.
2024-08-20 15:54:17,322 - root - INFO - Начало обновления коэффициентов...
2024-08-20 15:54:18,674 - root - INFO - Получено 5600 коэффициентов.
2024-08-20 15:54:28,867 - root - INFO - Обновление данных завершено успешно.
2024-08-20 15:54:29,879 - root - INFO - Запуск программы.
2024-08-20 15:54:29,880 - root - INFO - Начало обновления коэффициентов...
2024-08-20 15:54:31,234 - root - INFO - Получено 5600 коэффициентов.
2024-08-20 15:54:41,618 - root - INFO - Обновление данных завершено успешно.
2024-08-20 15:54:42,625 - root - INFO - Запуск программы.
2024-08-20 15:54:42,626 - root - INFO - Начало обновления коэффициентов...
2024-08-20 15:54:43,938 - root - INFO - Получено 5600 коэффициентов.
2024-08-20 15:54:52,806 - root - INFO - Обновление данных завершено успешно.
2024-08-20 15:54:53,813 - root - INFO - Запуск программы.
2024-08-20 15:54:53,814 - root - INFO - Начало обновления коэффициентов...
2024-08-20 15:54:55,146 - root - INFO - Получено 5600 коэффициентов.
2024-08-20 15:55:04,099 - root - INFO - Обновление данных завершено успешно.
2024-08-20 15:55:05,106 - root - INFO - Запуск программы.
2024-08-20 15:55:05,107 - root - INFO - Начало обновления коэффициентов...
2024-08-20 15:55:06,319 - root - INFO - Получено 5600 коэффициентов.
2024-08-20 15:55:14,302 - root - INFO - Обновление данных завершено успешно.
2024-08-20 15:55:15,313 - root - INFO - Запуск программы.
2024-08-20 15:55:15,313 - root - INFO - Начало обновления коэффициентов...
2024-08-20 15:55:16,609 - root - INFO - Получено 5600 коэффициентов.
2024-08-20 15:55:16,629 - root - INFO - Обновлена запись для склада Алматы Атакент на дату 2024-08-21 с коэффициента 3.0 на 2
2024-08-20 15:55:16,629 - updates - INFO - Обновлена запись для склада Алматы Атакент на дату 2024-08-21 с коэффициента 3.0 на 2
2024-08-20 15:55:16,938 - root - INFO - Обновлена запись для склада Казань на дату 2024-08-23 с коэффициента 20.0 на 5
2024-08-20 15:55:16,938 - updates - INFO - Обновлена запись для склада Казань на дату 2024-08-23 с коэффициента 20.0 на 5
2024-08-20 15:55:16,986 - root - INFO - Обновлена запись для склада Коледино на дату 2024-08-21 с коэффициента 10.0 на 1
2024-08-20 15:55:16,987 - updates - INFO - Обновлена запись для склада Коледино на дату 2024-08-21 с коэффициента 10.0 на 1
2024-08-20 15:55:18,480 - root - INFO - Обновлена запись для склада СЦ Внуково на дату 2024-08-28 с коэффициента 6.0 на 11
2024-08-20 15:55:18,480 - updates - INFO - Обновлена запись для склада СЦ Внуково на дату 2024-08-28 с коэффициента 6.0 на 11
2024-08-20 15:55:20,840 - root - INFO - Обновлена запись для склада СЦ Псков на дату 2024-08-29 с коэффициента 6.0 на 11
2024-08-20 15:55:20,841 - updates - INFO - Обновлена запись для склада СЦ Псков на дату 2024-08-29 с коэффициента 6.0 на 11
2024-08-20 15:55:23,088 - root - INFO - Обновлена запись для склада СЦ Уфа на дату 2024-08-23 с коэффициента 20.0 на 19
2024-08-20 15:55:23,088 - updates - INFO - Обновлена запись для склада СЦ Уфа на дату 2024-08-23 с коэффициента 20.0 на 19
2024-08-20 15:55:23,499 - root - INFO - Обновлена запись для склада СЦ Челябинск 2 на дату 2024-09-01 с коэффициента 3.0 на 4
2024-08-20 15:55:23,500 - updates - INFO - Обновлена запись для склада СЦ Челябинск 2 на дату 2024-09-01 с коэффициента 3.0 на 4
2024-08-20 15:55:23,989 - root - INFO - Обновлена запись для склада СЦ Ярославль на дату 2024-08-21 с коэффициента 20.0 на 1
2024-08-20 15:55:23,989 - updates - INFO - Обновлена запись для склада СЦ Ярославль на дату 2024-08-21 с коэффициента 20.0 на 1
2024-08-20 15:55:25,138 - root - INFO - Обновление данных завершено успешно.
2024-08-20 15:55:26,146 - root - INFO - Запуск программы.
2024-08-20 15:55:26,147 - root - INFO - Начало обновления коэффициентов...
2024-08-20 15:55:27,432 - root - INFO - Получено 5600 коэффициентов.
2024-08-20 15:55:35,700 - root - INFO - Обновление данных завершено успешно.
2024-08-20 15:55:36,707 - root - INFO - Запуск программы.
2024-08-20 15:55:36,707 - root - INFO - Начало обновления коэффициентов...
2024-08-20 15:55:37,971 - root - INFO - Получено 5600 коэффициентов.
2024-08-20 15:55:37,994 - root - INFO - Обновлена запись для склада Алматы Атакент на дату 2024-08-21 с коэффициента 2.0 на 3
2024-08-20 15:55:37,994 - updates - INFO - Обновлена запись для склада Алматы Атакент на дату 2024-08-21 с коэффициента 2.0 на 3
2024-08-20 15:55:38,318 - root - INFO - Обновлена запись для склада Казань на дату 2024-08-23 с коэффициента 5.0 на 20
2024-08-20 15:55:38,318 - updates - INFO - Обновлена запись для склада Казань на дату 2024-08-23 с коэффициента 5.0 на 20
2024-08-20 15:55:38,364 - root - INFO - Обновлена запись для склада Коледино на дату 2024-08-21 с коэффициента 1.0 на 10
2024-08-20 15:55:38,365 - updates - INFO - Обновлена запись для склада Коледино на дату 2024-08-21 с коэффициента 1.0 на 10
2024-08-20 15:55:40,084 - root - INFO - Обновлена запись для склада СЦ Внуково на дату 2024-08-28 с коэффициента 11.0 на 6
2024-08-20 15:55:40,084 - updates - INFO - Обновлена запись для склада СЦ Внуково на дату 2024-08-28 с коэффициента 11.0 на 6
2024-08-20 15:55:42,651 - root - INFO - Обновлена запись для склада СЦ Псков на дату 2024-08-29 с коэффициента 11.0 на 6
2024-08-20 15:55:42,651 - updates - INFO - Обновлена запись для склада СЦ Псков на дату 2024-08-29 с коэффициента 11.0 на 6
2024-08-20 15:55:44,274 - root - INFO - Обновлена запись для склада СЦ Уфа на дату 2024-08-23 с коэффициента 19.0 на 20
2024-08-20 15:55:44,275 - updates - INFO - Обновлена запись для склада СЦ Уфа на дату 2024-08-23 с коэффициента 19.0 на 20
2024-08-20 15:55:44,701 - root - INFO - Обновлена запись для склада СЦ Челябинск 2 на дату 2024-09-01 с коэффициента 4.0 на 3
2024-08-20 15:55:44,702 - updates - INFO - Обновлена запись для склада СЦ Челябинск 2 на дату 2024-09-01 с коэффициента 4.0 на 3
2024-08-20 15:55:45,146 - root - INFO - Обновлена запись для склада СЦ Ярославль на дату 2024-08-21 с коэффициента 1.0 на 20
2024-08-20 15:55:45,146 - updates - INFO - Обновлена запись для склада СЦ Ярославль на дату 2024-08-21 с коэффициента 1.0 на 20
2024-08-20 15:55:46,161 - root - INFO - Обновление данных завершено успешно.
2024-08-20 15:55:47,172 - root - INFO - Запуск программы.
2024-08-20 15:55:47,173 - root - INFO - Начало обновления коэффициентов...
2024-08-20 15:55:48,495 - root - INFO - Получено 5600 коэффициентов.
2024-08-20 15:55:48,513 - root - INFO - Обновлена запись для склада Алматы Атакент на дату 2024-08-21 с коэффициента 3.0 на 2
2024-08-20 15:55:48,513 - updates - INFO - Обновлена запись для склада Алматы Атакент на дату 2024-08-21 с коэффициента 3.0 на 2
2024-08-20 15:55:48,785 - root - INFO - Обновлена запись для склада Казань на дату 2024-08-23 с коэффициента 20.0 на 5
2024-08-20 15:55:48,785 - updates - INFO - Обновлена запись для склада Казань на дату 2024-08-23 с коэффициента 20.0 на 5
2024-08-20 15:55:48,820 - root - INFO - Обновлена запись для склада Коледино на дату 2024-08-21 с коэффициента 10.0 на 1
2024-08-20 15:55:48,820 - updates - INFO - Обновлена запись для склада Коледино на дату 2024-08-21 с коэффициента 10.0 на 1
2024-08-20 15:55:50,437 - root - INFO - Обновлена запись для склада СЦ Внуково на дату 2024-08-28 с коэффициента 6.0 на 11
2024-08-20 15:55:50,437 - updates - INFO - Обновлена запись для склада СЦ Внуково на дату 2024-08-28 с коэффициента 6.0 на 11
2024-08-20 15:55:52,412 - root - INFO - Обновлена запись для склада СЦ Псков на дату 2024-08-29 с коэффициента 6.0 на 11
2024-08-20 15:55:52,412 - updates - INFO - Обновлена запись для склада СЦ Псков на дату 2024-08-29 с коэффициента 6.0 на 11
2024-08-20 15:55:53,955 - root - INFO - Обновлена запись для склада СЦ Уфа на дату 2024-08-23 с коэффициента 20.0 на 19
2024-08-20 15:55:53,955 - updates - INFO - Обновлена запись для склада СЦ Уфа на дату 2024-08-23 с коэффициента 20.0 на 19
2024-08-20 15:55:54,293 - root - INFO - Обновлена запись для склада СЦ Челябинск 2 на дату 2024-09-01 с коэффициента 3.0 на 4
2024-08-20 15:55:54,293 - updates - INFO - Обновлена запись для склада СЦ Челябинск 2 на дату 2024-09-01 с коэффициента 3.0 на 4
2024-08-20 15:55:54,722 - root - INFO - Обновлена запись для склада СЦ Ярославль на дату 2024-08-21 с коэффициента 20.0 на 1
2024-08-20 15:55:54,722 - updates - INFO - Обновлена запись для склада СЦ Ярославль на дату 2024-08-21 с коэффициента 20.0 на 1
2024-08-20 15:55:55,668 - root - INFO - Обновление данных завершено успешно.
2024-08-20 15:55:56,680 - root - INFO - Запуск программы.
2024-08-20 15:55:56,680 - root - INFO - Начало обновления коэффициентов...
2024-08-20 15:55:57,957 - root - INFO - Получено 5600 коэффициентов.
2024-08-20 15:56:08,422 - root - INFO - Обновление данных завершено успешно.
2024-08-20 15:56:09,433 - root - INFO - Запуск программы.
2024-08-20 15:56:09,433 - root - INFO - Начало обновления коэффициентов...
2024-08-20 15:56:10,803 - root - INFO - Получено 5600 коэффициентов.
2024-08-20 15:56:22,147 - root - INFO - Обновление данных завершено успешно.
2024-08-20 15:56:23,155 - root - INFO - Запуск программы.
2024-08-20 15:56:23,156 - root - INFO - Начало обновления коэффициентов...
2024-08-20 15:56:24,593 - root - INFO - Получено 5600 коэффициентов.
2024-08-20 15:56:36,340 - root - INFO - Обновление данных завершено успешно.
2024-08-20 15:56:37,347 - root - INFO - Запуск программы.
2024-08-20 15:56:37,348 - root - INFO - Начало обновления коэффициентов...
2024-08-20 15:56:38,767 - root - INFO - Получено 5600 коэффициентов.
2024-08-20 15:56:50,567 - root - INFO - Обновление данных завершено успешно.
2024-08-20 15:56:51,578 - root - INFO - Запуск программы.
2024-08-20 15:56:51,578 - root - INFO - Начало обновления коэффициентов...
2024-08-20 15:56:53,088 - root - INFO - Получено 5600 коэффициентов.
2024-08-20 15:56:53,112 - root - INFO - Обновлена запись для склада Алматы Атакент на дату 2024-08-21 с коэффициента 2.0 на 3
2024-08-20 15:56:53,112 - updates - INFO - Обновлена запись для склада Алматы Атакент на дату 2024-08-21 с коэффициента 2.0 на 3
2024-08-20 15:56:53,486 - root - INFO - Обновлена запись для склада Казань на дату 2024-08-23 с коэффициента 5.0 на 20
2024-08-20 15:56:53,486 - updates - INFO - Обновлена запись для склада Казань на дату 2024-08-23 с коэффициента 5.0 на 20
2024-08-20 15:56:53,530 - root - INFO - Обновлена запись для склада Коледино на дату 2024-08-21 с коэффициента 1.0 на 10
2024-08-20 15:56:53,530 - updates - INFO - Обновлена запись для склада Коледино на дату 2024-08-21 с коэффициента 1.0 на 10
2024-08-20 15:56:56,092 - root - INFO - Обновлена запись для склада СЦ Внуково на дату 2024-08-28 с коэффициента 11.0 на 6
2024-08-20 15:56:56,092 - updates - INFO - Обновлена запись для склада СЦ Внуково на дату 2024-08-28 с коэффициента 11.0 на 6
2024-08-20 15:56:59,709 - root - INFO - Обновлена запись для склада СЦ Псков на дату 2024-08-29 с коэффициента 11.0 на 6
2024-08-20 15:56:59,710 - updates - INFO - Обновлена запись для склада СЦ Псков на дату 2024-08-29 с коэффициента 11.0 на 6
2024-08-20 15:57:02,320 - root - INFO - Обновлена запись для склада СЦ Уфа на дату 2024-08-23 с коэффициента 19.0 на 20
2024-08-20 15:57:02,320 - updates - INFO - Обновлена запись для склада СЦ Уфа на дату 2024-08-23 с коэффициента 19.0 на 20
2024-08-20 15:57:02,870 - root - INFO - Обновлена запись для склада СЦ Челябинск 2 на дату 2024-09-01 с коэффициента 4.0 на 3
2024-08-20 15:57:02,870 - updates - INFO - Обновлена запись для склада СЦ Челябинск 2 на дату 2024-09-01 с коэффициента 4.0 на 3
2024-08-20 15:57:03,585 - root - INFO - Обновлена запись для склада СЦ Ярославль на дату 2024-08-21 с коэффициента 1.0 на 20
2024-08-20 15:57:03,585 - updates - INFO - Обновлена запись для склада СЦ Ярославль на дату 2024-08-21 с коэффициента 1.0 на 20
2024-08-20 15:57:04,868 - root - INFO - Обновление данных завершено успешно.
2024-08-20 15:57:05,878 - root - INFO - Запуск программы.
2024-08-20 15:57:05,878 - root - INFO - Начало обновления коэффициентов...
2024-08-20 15:57:07,139 - root - INFO - Получено 5600 коэффициентов.
2024-08-20 15:57:07,164 - root - INFO - Обновлена запись для склада Алматы Атакент на дату 2024-08-21 с коэффициента 3.0 на 2
2024-08-20 15:57:07,165 - updates - INFO - Обновлена запись для склада Алматы Атакент на дату 2024-08-21 с коэффициента 3.0 на 2
2024-08-20 15:57:07,523 - root - INFO - Обновлена запись для склада Казань на дату 2024-08-23 с коэффициента 20.0 на 5
2024-08-20 15:57:07,523 - updates - INFO - Обновлена запись для склада Казань на дату 2024-08-23 с коэффициента 20.0 на 5
2024-08-20 15:57:07,570 - root - INFO - Обновлена запись для склада Коледино на дату 2024-08-21 с коэффициента 10.0 на 1
2024-08-20 15:57:07,570 - updates - INFO - Обновлена запись для склада Коледино на дату 2024-08-21 с коэффициента 10.0 на 1
2024-08-20 15:57:10,193 - root - INFO - Обновлена запись для склада СЦ Внуково на дату 2024-08-28 с коэффициента 6.0 на 11
2024-08-20 15:57:10,194 - updates - INFO - Обновлена запись для склада СЦ Внуково на дату 2024-08-28 с коэффициента 6.0 на 11
2024-08-20 15:57:13,815 - root - INFO - Обновлена запись для склада СЦ Псков на дату 2024-08-29 с коэффициента 6.0 на 11
2024-08-20 15:57:13,815 - updates - INFO - Обновлена запись для склада СЦ Псков на дату 2024-08-29 с коэффициента 6.0 на 11
2024-08-20 15:57:16,394 - root - INFO - Обновлена запись для склада СЦ Уфа на дату 2024-08-23 с коэффициента 20.0 на 19
2024-08-20 15:57:16,394 - updates - INFO - Обновлена запись для склада СЦ Уфа на дату 2024-08-23 с коэффициента 20.0 на 19
2024-08-20 15:57:16,924 - root - INFO - Обновлена запись для склада СЦ Челябинск 2 на дату 2024-09-01 с коэффициента 3.0 на 4
2024-08-20 15:57:16,924 - updates - INFO - Обновлена запись для склада СЦ Челябинск 2 на дату 2024-09-01 с коэффициента 3.0 на 4
2024-08-20 15:57:17,641 - root - INFO - Обновлена запись для склада СЦ Ярославль на дату 2024-08-21 с коэффициента 20.0 на 1
2024-08-20 15:57:17,641 - updates - INFO - Обновлена запись для склада СЦ Ярославль на дату 2024-08-21 с коэффициента 20.0 на 1
2024-08-20 15:57:18,757 - root - INFO - Обновление данных завершено успешно.
2024-08-20 15:57:19,768 - root - INFO - Запуск программы.
2024-08-20 15:57:19,768 - root - INFO - Начало обновления коэффициентов...
2024-08-20 15:57:25,207 - root - INFO - Получено 5600 коэффициентов.
2024-08-20 15:57:36,864 - root - INFO - Обновление данных завершено успешно.
2024-08-20 15:57:37,876 - root - INFO - Запуск программы.
2024-08-20 15:57:37,877 - root - INFO - Начало обновления коэффициентов...
